2025-10-04 13:36:56,706 - INFO - use_feature_engineering - dataset loaded with shape: (2644, 32)
2025-10-04 13:36:56,711 - INFO - use_feature_engineering - new features added
2025-10-04 13:36:56,711 - INFO - use_feature_engineering - file created to path: data/engineered\engineered_gym_dataset.csv
2025-10-04 13:40:24,192 - INFO - use_feature_engineering - dataset loaded with shape: (2644, 32)
2025-10-04 13:40:24,193 - INFO - feature_creation - FeatureCreation initialized with dataset shape: (2644, 32)
2025-10-04 13:40:24,193 - INFO - feature_creation - Feature 'bmi' created
2025-10-04 13:40:24,195 - INFO - feature_creation - Feature 'hrr' created
2025-10-04 13:40:24,195 - INFO - feature_creation - Feature 'calories_per_min' created
2025-10-04 13:40:24,195 - INFO - feature_creation - Feature 'fat_ratio' created
2025-10-04 13:40:24,195 - INFO - feature_creation - Feature 'water_per_session' created
2025-10-04 13:40:24,196 - INFO - feature_creation - Feature 'age_group' created
2025-10-04 13:40:24,197 - INFO - feature_creation - Feature 'bmi_group' created
2025-10-04 13:40:24,197 - INFO - feature_creation - Feature 'intensity' created
2025-10-04 13:40:24,197 - INFO - feature_creation - All features created successfully. Dataset shape now: (2644, 39)
2025-10-04 13:40:24,197 - INFO - use_feature_engineering - new features added
2025-10-04 13:40:24,197 - INFO - use_feature_engineering - file created to path: data/engineered\engineered_gym_dataset.csv
2025-10-04 13:45:33,985 - INFO - use_feature_engineering - dataset loaded with shape: (2644, 32)
2025-10-04 13:45:33,986 - INFO - feature_creation - FeatureCreation initialized with dataset shape: (2644, 32)
2025-10-04 13:45:33,986 - INFO - feature_creation - Feature 'bmi' created
2025-10-04 13:45:33,986 - INFO - feature_creation - Feature 'hrr' created
2025-10-04 13:45:33,986 - INFO - feature_creation - Feature 'calories_per_min' created
2025-10-04 13:45:33,986 - INFO - feature_creation - Feature 'fat_ratio' created
2025-10-04 13:45:33,986 - INFO - feature_creation - Feature 'water_per_session' created
2025-10-04 13:45:33,988 - INFO - feature_creation - Feature 'age_group' created
2025-10-04 13:45:33,988 - INFO - feature_creation - Feature 'bmi_group' created
2025-10-04 13:45:33,989 - INFO - feature_creation - Feature 'intensity' created
2025-10-04 13:45:33,989 - INFO - feature_creation - All features created successfully. Dataset shape now: (2644, 39)
2025-10-04 13:45:33,989 - INFO - use_feature_engineering - new features added
2025-10-04 13:45:33,989 - INFO - use_feature_engineering - file created to path: data/engineered\engineered_gym_dataset.csv
2025-10-04 13:46:49,762 - INFO - use_feature_engineering - dataset loaded with shape: (2644, 32)
2025-10-04 13:46:49,762 - INFO - feature_creation - FeatureCreation initialized with dataset shape: (2644, 32)
2025-10-04 13:46:49,762 - INFO - feature_creation - Feature 'bmi' created
2025-10-04 13:46:49,763 - INFO - feature_creation - Feature 'hrr' created
2025-10-04 13:46:49,763 - INFO - feature_creation - Feature 'calories_per_min' created
2025-10-04 13:46:49,763 - INFO - feature_creation - Feature 'fat_ratio' created
2025-10-04 13:46:49,763 - INFO - feature_creation - Feature 'water_per_session' created
2025-10-04 13:46:49,764 - INFO - feature_creation - Feature 'intensity' created
2025-10-04 13:46:49,764 - INFO - feature_creation - All features created successfully. Dataset shape now: (2644, 37)
2025-10-04 13:46:49,764 - INFO - use_feature_engineering - new features added
2025-10-04 13:46:49,764 - INFO - use_feature_engineering - file created to path: data/engineered\engineered_gym_dataset.csv
2025-10-04 13:46:49,801 - INFO - use_feature_engineering - preprocessed (scaled, transformed): <bound method DataFrame.info of            age    weight    height   max_bpm   avg_bpm  resting_bpm  session_duration  ...  bmi_category_sever obesity  bmi_category_under weight       hrr  calories_per_min  fat_ratio  water_per_session  intensity
0     0.469136  0.525000  0.539683  0.654545  0.627119     0.333333          0.517391  ...                         0.0                        0.0  0.691489          0.669158   0.056265           0.370968   0.369688
1     0.345679  0.379348  0.253968  0.636364  0.525424     0.450980          0.347826  ...                         0.0                        0.0  0.617021          0.516036   0.465427           0.145161   0.321699
2     0.172840  0.305435  0.460317  0.418182  0.033898     0.215686          0.265217  ...                         0.0                        0.0  0.617021          0.407382   0.515402           0.177419   0.193056
3     0.086420  0.143478  0.523810  0.836364  0.745763     0.254902          0.039130  ...                         0.0                        1.0  0.840426          0.864726   0.582601           0.258065   0.367667
4     0.246914  0.066304  0.666667  0.800000  0.644068     0.490196          0.060870  ...                         0.0                        1.0  0.691489          0.813088   0.704135           0.408602   0.319807
...        ...       ...       ...       ...       ...          ...               ...  ...                         ...                        ...       ...               ...        ...                ...        ...
2639  0.172840  0.327174  0.444444  0.581818  0.423729     0.372549          0.326087  ...                         0.0                        0.0  0.627660          0.389342   0.321770           0.241935   0.301055
2640  0.283951  0.496739  0.603175  0.836364  0.610169     0.450980          0.391304  ...                         0.0                        0.0  0.734043          0.472459   0.296147           0.473118   0.299119
2641  0.135802  0.222826  0.365079  0.690909  0.474576     0.333333          0.282609  ...                         0.0                        0.0  0.712766          0.405479   0.354513           0.209677   0.295276
2642  0.234568  0.545652  0.714286  0.800000  0.542373     0.529412          0.347826  ...                         0.0                        0.0  0.670213          0.440077   0.277708           0.451613   0.272704
2643  0.395062  0.351087  0.523810  0.563636  0.338983     0.411765          0.260870  ...                         0.0                        0.0  0.595745          0.562838   0.349959           0.709677   0.263956

[2644 rows x 37 columns]>
2025-10-04 13:46:49,802 - INFO - use_feature_engineering - file created to path: data/final\final_gym_dataset.csv
2025-10-06 14:14:54,732 - INFO - use_feature_engineering - dataset loaded with shape: (2644, 32)
2025-10-06 14:14:54,732 - INFO - feature_engineering - FeatureCreation initialized with dataset shape: (2644, 32)
2025-10-06 14:14:54,732 - INFO - feature_engineering - Feature 'bmi' created
2025-10-06 14:14:54,733 - INFO - feature_engineering - Feature 'hrr' created
2025-10-06 14:14:54,733 - INFO - feature_engineering - Feature 'calories_per_min' created
2025-10-06 14:14:54,733 - INFO - feature_engineering - Feature 'water_per_session' created
2025-10-06 14:14:54,733 - INFO - feature_engineering - Feature 'intensity' created
2025-10-06 14:14:54,733 - INFO - feature_engineering - All features created successfully. Dataset shape now: (2644, 36)
2025-10-06 14:14:54,734 - INFO - use_feature_engineering - new features added
2025-10-06 14:14:54,734 - INFO - use_feature_engineering - file created to path: data/engineered\engineered_gym_dataset.csv
2025-10-06 14:14:54,767 - INFO - use_feature_engineering - preprocessed (scaled, transformed): <bound method DataFrame.info of            age    weight    height   max_bpm   avg_bpm  resting_bpm  session_duration  ...  bmi_category_overweight  bmi_category_sever obesity  bmi_category_under weight       hrr  calories_per_min  water_per_session  intensity
0     0.469136  0.525000  0.539683  0.654545  0.627119     0.333333          0.517391  ...                      0.0                         0.0                        0.0  0.691489          0.669158           0.370968   0.369688
1     0.345679  0.379348  0.253968  0.636364  0.525424     0.450980          0.347826  ...                      0.0                         0.0                        0.0  0.617021          0.516036           0.145161   0.321699
2     0.172840  0.305435  0.460317  0.418182  0.033898     0.215686          0.265217  ...                      0.0                         0.0                        0.0  0.617021          0.407382           0.177419   0.193056
3     0.086420  0.143478  0.523810  0.836364  0.745763     0.254902          0.039130  ...                      0.0                         0.0                        1.0  0.840426          0.864726           0.258065   0.367667
4     0.246914  0.066304  0.666667  0.800000  0.644068     0.490196          0.060870  ...                      0.0                         0.0                        1.0  0.691489          0.813088           0.408602   0.319807
...        ...       ...       ...       ...       ...          ...               ...  ...                      ...                         ...                        ...       ...               ...                ...        ...
2639  0.172840  0.327174  0.444444  0.581818  0.423729     0.372549          0.326087  ...                      0.0                         0.0                        0.0  0.627660          0.389342           0.241935   0.301055
2640  0.283951  0.496739  0.603175  0.836364  0.610169     0.450980          0.391304  ...                      1.0                         0.0                        0.0  0.734043          0.472459           0.473118   0.299119
2641  0.135802  0.222826  0.365079  0.690909  0.474576     0.333333          0.282609  ...                      0.0                         0.0                        0.0  0.712766          0.405479           0.209677   0.295276
2642  0.234568  0.545652  0.714286  0.800000  0.542373     0.529412          0.347826  ...                      1.0                         0.0                        0.0  0.670213          0.440077           0.451613   0.272704
2643  0.395062  0.351087  0.523810  0.563636  0.338983     0.411765          0.260870  ...                      0.0                         0.0                        0.0  0.595745          0.562838           0.709677   0.263956

[2644 rows x 36 columns]>
2025-10-06 14:14:54,767 - INFO - use_feature_engineering - file created to path: data/final\final_gym_dataset.csv
2025-10-06 18:01:03,088 - INFO - use_feature_engineering - dataset loaded with shape: (973, 32)
2025-10-06 18:01:03,088 - INFO - feature_engineering - FeatureCreation initialized with dataset shape: (973, 32)
2025-10-06 18:01:03,088 - INFO - feature_engineering - Feature 'bmi' created
2025-10-06 18:01:03,089 - INFO - feature_engineering - Feature 'hrr' created
2025-10-06 18:01:03,089 - INFO - feature_engineering - Feature 'calories_per_min' created
2025-10-06 18:01:03,089 - INFO - feature_engineering - Feature 'water_per_session' created
2025-10-06 18:01:03,089 - INFO - feature_engineering - Feature 'intensity' created
2025-10-06 18:01:03,089 - INFO - feature_engineering - Feature 'experience_intensity_ratio' created
2025-10-06 18:01:03,089 - INFO - feature_engineering - All features created successfully. Dataset shape now: (973, 37)
2025-10-06 18:01:03,089 - INFO - use_feature_engineering - new features added
2025-10-06 18:01:03,090 - INFO - use_feature_engineering - file created to path: data/engineered\engineered_gym_dataset.csv
2025-10-06 18:01:03,115 - INFO - use_feature_engineering - preprocessed (scaled, transformed): <bound method DataFrame.info of           age    weight  height   max_bpm   avg_bpm  resting_bpm  ...  bmi_category_under weight       hrr  calories_per_min  water_per_session  intensity  experience_intensity_ratio
0    0.926829  0.537264    0.42  0.512821  0.755102     0.416667  ...                        0.0  0.539683          0.608332           0.338983   0.624193                    0.771486
1    0.682927  0.388209    0.06  0.487179  0.632653     0.666667  ...                        0.0  0.428571          0.357603           0.101695   0.543167                    0.424872
2    0.341463  0.312570    0.32  0.179487  0.040816     0.166667  ...                        0.0  0.428571          0.179691           0.135593   0.325962                    0.311584
3    0.170732  0.146830    0.40  0.769231  0.897959     0.250000  ...                        1.0  0.761905          0.928560           0.220339   0.620781                    0.161892
4    0.487805  0.067853    0.58  0.717949  0.775510     0.750000  ...                        1.0  0.539683          0.844007           0.378531   0.539973                    0.140818
..        ...       ...     ...       ...       ...          ...  ...                        ...       ...               ...                ...        ...                         ...
968  0.146341  0.523915    0.48  0.692308  0.775510     0.708333  ...                        0.0  0.539683          0.844109           0.338983   0.552004                    0.715008
969  0.170732  0.295884    0.22  0.615385  0.938776     0.250000  ...                        0.0  0.666667          0.957687           0.762712   0.697886                    0.181999
970  1.000000  0.226919    0.52  0.871795  0.000000     0.125000  ...                        0.0  0.873016          0.000564           0.111864   0.143190                    0.395168
971  0.341463  0.961068    0.66  0.974359  0.530612     0.500000  ...                        0.0  0.793651          0.674559           0.220339   0.348885                    0.323540
972  0.682927  0.541713    0.26  0.153846  0.530612     0.666667  ...                        0.0  0.222222          0.469082           0.932203   0.612162                    0.159644

[973 rows x 37 columns]>
2025-10-06 18:01:03,115 - INFO - use_feature_engineering - file created to path: data/final\final_gym_dataset.csv
2025-10-06 18:05:47,330 - INFO - use_feature_engineering - dataset loaded with shape: (973, 32)
2025-10-06 18:05:47,330 - INFO - feature_engineering - FeatureCreation initialized with dataset shape: (973, 32)
2025-10-06 18:05:47,331 - INFO - feature_engineering - Feature 'bmi' created
2025-10-06 18:05:47,331 - INFO - feature_engineering - Feature 'hrr' created
2025-10-06 18:05:47,331 - INFO - feature_engineering - Feature 'intensity' created
2025-10-06 18:05:47,331 - INFO - feature_engineering - Feature 'calories_per_min' created
2025-10-06 18:05:47,332 - INFO - feature_engineering - Feature 'water_per_session' created
2025-10-06 18:05:47,332 - INFO - feature_engineering - Feature 'experience_intensity_ratio' created
2025-10-06 18:05:47,332 - INFO - feature_engineering - All features created successfully. Dataset shape now: (973, 37)
2025-10-06 18:05:47,332 - INFO - use_feature_engineering - new features added
2025-10-06 18:05:47,332 - INFO - use_feature_engineering - file created to path: data/engineered\engineered_gym_dataset.csv
2025-10-06 18:05:47,357 - INFO - use_feature_engineering - preprocessed (scaled, transformed): <bound method DataFrame.info of           age    weight  height   max_bpm   avg_bpm  resting_bpm  ...  bmi_category_under weight       hrr  intensity  calories_per_min  water_per_session  experience_intensity_ratio
0    0.926829  0.537264    0.42  0.512821  0.755102     0.416667  ...                        0.0  0.539683   0.624193          0.608332           0.338983                    0.771486
1    0.682927  0.388209    0.06  0.487179  0.632653     0.666667  ...                        0.0  0.428571   0.543167          0.357603           0.101695                    0.424872
2    0.341463  0.312570    0.32  0.179487  0.040816     0.166667  ...                        0.0  0.428571   0.325962          0.179691           0.135593                    0.311584
3    0.170732  0.146830    0.40  0.769231  0.897959     0.250000  ...                        1.0  0.761905   0.620781          0.928560           0.220339                    0.161892
4    0.487805  0.067853    0.58  0.717949  0.775510     0.750000  ...                        1.0  0.539683   0.539973          0.844007           0.378531                    0.140818
..        ...       ...     ...       ...       ...          ...  ...                        ...       ...        ...               ...                ...                         ...
968  0.146341  0.523915    0.48  0.692308  0.775510     0.708333  ...                        0.0  0.539683   0.552004          0.844109           0.338983                    0.715008
969  0.170732  0.295884    0.22  0.615385  0.938776     0.250000  ...                        0.0  0.666667   0.697886          0.957687           0.762712                    0.181999
970  1.000000  0.226919    0.52  0.871795  0.000000     0.125000  ...                        0.0  0.873016   0.143190          0.000564           0.111864                    0.395168
971  0.341463  0.961068    0.66  0.974359  0.530612     0.500000  ...                        0.0  0.793651   0.348885          0.674559           0.220339                    0.323540
972  0.682927  0.541713    0.26  0.153846  0.530612     0.666667  ...                        0.0  0.222222   0.612162          0.469082           0.932203                    0.159644

[973 rows x 37 columns]>
2025-10-06 18:05:47,357 - INFO - use_feature_engineering - file created to path: data/final\final_gym_dataset.csv
2025-10-06 18:13:13,926 - INFO - use_feature_engineering - dataset loaded with shape: (973, 32)
2025-10-06 18:13:13,926 - INFO - feature_engineering - FeatureCreation initialized with dataset shape: (973, 32)
2025-10-06 18:13:13,927 - INFO - feature_engineering - Feature 'bmi' created
2025-10-06 18:13:13,927 - INFO - feature_engineering - Feature 'hrr' created
2025-10-06 18:13:13,927 - INFO - feature_engineering - Feature 'intensity' created
2025-10-06 18:13:13,927 - INFO - feature_engineering - Feature 'calories_per_min' created
2025-10-06 18:13:13,928 - INFO - feature_engineering - Feature 'water_per_session' created
2025-10-06 18:13:13,928 - INFO - feature_engineering - Feature 'experience_intensity_ratio' created
2025-10-06 18:13:13,928 - INFO - feature_engineering - All features created successfully. Dataset shape now: (973, 37)
2025-10-06 18:13:13,928 - INFO - use_feature_engineering - new features added
2025-10-06 18:13:13,928 - INFO - use_feature_engineering - file created to path: data/engineered\engineered_gym_dataset.csv
2025-10-06 18:13:13,953 - INFO - use_feature_engineering - preprocessed (scaled, transformed): <bound method DataFrame.info of           age    weight  height   max_bpm   avg_bpm  resting_bpm  ...  bmi_category_under weight       hrr  intensity  calories_per_min  water_per_session  experience_intensity_ratio
0    0.926829  0.537264    0.42  0.512821  0.755102     0.416667  ...                        0.0  0.539683   0.624193          0.608332           0.338983                    0.771486
1    0.682927  0.388209    0.06  0.487179  0.632653     0.666667  ...                        0.0  0.428571   0.543167          0.357603           0.101695                    0.424872
2    0.341463  0.312570    0.32  0.179487  0.040816     0.166667  ...                        0.0  0.428571   0.325962          0.179691           0.135593                    0.311584
3    0.170732  0.146830    0.40  0.769231  0.897959     0.250000  ...                        1.0  0.761905   0.620781          0.928560           0.220339                    0.161892
4    0.487805  0.067853    0.58  0.717949  0.775510     0.750000  ...                        1.0  0.539683   0.539973          0.844007           0.378531                    0.140818
..        ...       ...     ...       ...       ...          ...  ...                        ...       ...        ...               ...                ...                         ...
968  0.146341  0.523915    0.48  0.692308  0.775510     0.708333  ...                        0.0  0.539683   0.552004          0.844109           0.338983                    0.715008
969  0.170732  0.295884    0.22  0.615385  0.938776     0.250000  ...                        0.0  0.666667   0.697886          0.957687           0.762712                    0.181999
970  1.000000  0.226919    0.52  0.871795  0.000000     0.125000  ...                        0.0  0.873016   0.143190          0.000564           0.111864                    0.395168
971  0.341463  0.961068    0.66  0.974359  0.530612     0.500000  ...                        0.0  0.793651   0.348885          0.674559           0.220339                    0.323540
972  0.682927  0.541713    0.26  0.153846  0.530612     0.666667  ...                        0.0  0.222222   0.612162          0.469082           0.932203                    0.159644

[973 rows x 37 columns]>
2025-10-06 18:13:13,953 - INFO - use_feature_engineering - file created to path: data/final\final_gym_dataset.csv
2025-10-06 18:16:09,365 - INFO - use_feature_engineering - dataset loaded with shape: (973, 32)
2025-10-06 18:16:09,365 - INFO - feature_engineering - FeatureCreation initialized with dataset shape: (973, 32)
2025-10-06 18:16:09,365 - INFO - feature_engineering - Feature 'bmi' created
2025-10-06 18:16:09,366 - INFO - feature_engineering - Feature 'hrr' created
2025-10-06 18:16:09,366 - INFO - feature_engineering - Feature 'intensity' created
2025-10-06 18:16:09,366 - INFO - feature_engineering - Feature 'calories_per_min' created
2025-10-06 18:16:09,366 - INFO - feature_engineering - Feature 'water_per_session' created
2025-10-06 18:16:09,367 - INFO - feature_engineering - Feature 'experience_intensity_ratio' created
2025-10-06 18:16:09,367 - INFO - feature_engineering - All features created successfully. Dataset shape now: (973, 37)
2025-10-06 18:16:09,367 - INFO - use_feature_engineering - new features added
2025-10-06 18:16:09,367 - INFO - use_feature_engineering - file created to path: data/engineered\engineered_gym_dataset.csv
2025-10-06 18:16:09,392 - INFO - use_feature_engineering - preprocessed (scaled, transformed): <bound method DataFrame.info of           age    weight  height   max_bpm   avg_bpm  resting_bpm  ...  bmi_category_under weight       hrr  intensity  calories_per_min  water_per_session  experience_intensity_ratio
0    0.926829  0.537264    0.42  0.512821  0.755102     0.416667  ...                        0.0  0.539683   0.624193          0.608332           0.338983                    0.771486
1    0.682927  0.388209    0.06  0.487179  0.632653     0.666667  ...                        0.0  0.428571   0.543167          0.357603           0.101695                    0.424872
2    0.341463  0.312570    0.32  0.179487  0.040816     0.166667  ...                        0.0  0.428571   0.325962          0.179691           0.135593                    0.311584
3    0.170732  0.146830    0.40  0.769231  0.897959     0.250000  ...                        1.0  0.761905   0.620781          0.928560           0.220339                    0.161892
4    0.487805  0.067853    0.58  0.717949  0.775510     0.750000  ...                        1.0  0.539683   0.539973          0.844007           0.378531                    0.140818
..        ...       ...     ...       ...       ...          ...  ...                        ...       ...        ...               ...                ...                         ...
968  0.146341  0.523915    0.48  0.692308  0.775510     0.708333  ...                        0.0  0.539683   0.552004          0.844109           0.338983                    0.715008
969  0.170732  0.295884    0.22  0.615385  0.938776     0.250000  ...                        0.0  0.666667   0.697886          0.957687           0.762712                    0.181999
970  1.000000  0.226919    0.52  0.871795  0.000000     0.125000  ...                        0.0  0.873016   0.143190          0.000564           0.111864                    0.395168
971  0.341463  0.961068    0.66  0.974359  0.530612     0.500000  ...                        0.0  0.793651   0.348885          0.674559           0.220339                    0.323540
972  0.682927  0.541713    0.26  0.153846  0.530612     0.666667  ...                        0.0  0.222222   0.612162          0.469082           0.932203                    0.159644

[973 rows x 37 columns]>
2025-10-06 18:16:09,392 - INFO - use_feature_engineering - file created to path: data/final\final_gym_dataset.csv
2025-10-06 18:38:22,150 - INFO - use_feature_engineering - dataset loaded with shape: (973, 32)
2025-10-06 18:38:22,150 - INFO - feature_engineering - FeatureCreation initialized with dataset shape: (973, 32)
2025-10-06 18:38:22,150 - INFO - feature_engineering - Feature 'bmi' created
2025-10-06 18:38:22,150 - INFO - feature_engineering - Feature 'hrr' created
2025-10-06 18:38:22,151 - INFO - feature_engineering - Feature 'intensity' created
2025-10-06 18:38:22,151 - INFO - feature_engineering - Feature 'calories_per_min' created
2025-10-06 18:38:22,151 - INFO - feature_engineering - Feature 'water_per_session' created
2025-10-06 18:38:22,151 - INFO - feature_engineering - Feature 'experience_intensity_ratio' created
2025-10-06 18:38:22,151 - INFO - feature_engineering - All features created successfully. Dataset shape now: (973, 37)
2025-10-06 18:38:22,151 - INFO - use_feature_engineering - new features added
2025-10-06 18:38:22,151 - INFO - use_feature_engineering - file created to path: data/engineered\engineered_gym_dataset.csv
2025-10-06 18:38:22,177 - INFO - use_feature_engineering - preprocessed (scaled, transformed): <bound method DataFrame.info of           age    weight  height   max_bpm   avg_bpm  resting_bpm  ...  bmi_category_under weight       hrr  intensity  calories_per_min  water_per_session  experience_intensity_ratio
0    0.926829  0.537264    0.42  0.512821  0.755102     0.416667  ...                        0.0  0.539683   0.624193          0.608332           0.338983                    0.771486
1    0.682927  0.388209    0.06  0.487179  0.632653     0.666667  ...                        0.0  0.428571   0.543167          0.357603           0.101695                    0.424872
2    0.341463  0.312570    0.32  0.179487  0.040816     0.166667  ...                        0.0  0.428571   0.325962          0.179691           0.135593                    0.311584
3    0.170732  0.146830    0.40  0.769231  0.897959     0.250000  ...                        1.0  0.761905   0.620781          0.928560           0.220339                    0.161892
4    0.487805  0.067853    0.58  0.717949  0.775510     0.750000  ...                        1.0  0.539683   0.539973          0.844007           0.378531                    0.140818
..        ...       ...     ...       ...       ...          ...  ...                        ...       ...        ...               ...                ...                         ...
968  0.146341  0.523915    0.48  0.692308  0.775510     0.708333  ...                        0.0  0.539683   0.552004          0.844109           0.338983                    0.715008
969  0.170732  0.295884    0.22  0.615385  0.938776     0.250000  ...                        0.0  0.666667   0.697886          0.957687           0.762712                    0.181999
970  1.000000  0.226919    0.52  0.871795  0.000000     0.125000  ...                        0.0  0.873016   0.143190          0.000564           0.111864                    0.395168
971  0.341463  0.961068    0.66  0.974359  0.530612     0.500000  ...                        0.0  0.793651   0.348885          0.674559           0.220339                    0.323540
972  0.682927  0.541713    0.26  0.153846  0.530612     0.666667  ...                        0.0  0.222222   0.612162          0.469082           0.932203                    0.159644

[973 rows x 37 columns]>
2025-10-06 18:38:22,177 - INFO - use_feature_engineering - file created to path: data/final\final_gym_dataset.csv
2025-10-07 10:42:50,908 - INFO - notebook_feature_engineering - dataset imported successfully with shape: (973, 32)
2025-10-07 10:47:57,329 - INFO - feature_engineering - FeatureCreation initialized with dataset shape: (973, 32)
2025-10-07 10:47:57,329 - INFO - feature_engineering - Feature 'bmi' created
2025-10-07 10:47:57,329 - INFO - feature_engineering - Feature 'hrr' created
2025-10-07 10:47:57,330 - INFO - feature_engineering - Feature 'intensity' created
2025-10-07 10:47:57,330 - INFO - feature_engineering - Feature 'calories_per_min' created
2025-10-07 10:47:57,330 - INFO - feature_engineering - Feature 'water_per_session' created
2025-10-07 10:47:57,330 - INFO - feature_engineering - Feature 'experience_intensity_ratio' created
2025-10-07 10:47:57,330 - INFO - feature_engineering - All features created successfully. Dataset shape now: (973, 37)
2025-10-07 10:47:57,330 - INFO - notebook_feature_engineering - new features successfully added
2025-10-07 10:50:07,169 - ERROR - notebook_feature_engineering - error during scaling & transforming: name 'Preprocessing' is not defined
2025-10-07 10:50:59,708 - INFO - notebook_feature_engineering - dataset imported successfully with shape: (973, 32)
2025-10-07 10:50:59,720 - INFO - feature_engineering - FeatureCreation initialized with dataset shape: (973, 32)
2025-10-07 10:50:59,720 - INFO - feature_engineering - Feature 'bmi' created
2025-10-07 10:50:59,721 - INFO - feature_engineering - Feature 'hrr' created
2025-10-07 10:50:59,721 - INFO - feature_engineering - Feature 'intensity' created
2025-10-07 10:50:59,721 - INFO - feature_engineering - Feature 'calories_per_min' created
2025-10-07 10:50:59,721 - INFO - feature_engineering - Feature 'water_per_session' created
2025-10-07 10:50:59,721 - INFO - feature_engineering - Feature 'experience_intensity_ratio' created
2025-10-07 10:50:59,722 - INFO - feature_engineering - All features created successfully. Dataset shape now: (973, 37)
2025-10-07 10:50:59,722 - INFO - notebook_feature_engineering - new features successfully added
2025-10-07 10:50:59,734 - INFO - notebook_feature_engineering - dataset "scaled" and "transformed"
2025-10-07 12:08:35,078 - INFO - feature_engineering - FeatureCreation initialized with dataset shape: (1, 17)
2025-10-07 12:08:35,078 - INFO - feature_engineering - Feature 'bmi' created
2025-10-07 12:08:35,079 - INFO - feature_engineering - Feature 'hrr' created
2025-10-07 12:08:35,079 - INFO - feature_engineering - Feature 'intensity' created
2025-10-07 12:08:35,079 - INFO - feature_engineering - Feature 'calories_per_min' created
2025-10-07 12:08:35,079 - INFO - feature_engineering - Feature 'water_per_session' created
2025-10-07 12:08:35,079 - ERROR - feature_engineering - Error in create_features: 'experience_level'
2025-10-07 12:08:39,277 - INFO - feature_engineering - FeatureCreation initialized with dataset shape: (1, 17)
2025-10-07 12:08:39,277 - INFO - feature_engineering - Feature 'bmi' created
2025-10-07 12:08:39,277 - INFO - feature_engineering - Feature 'hrr' created
2025-10-07 12:08:39,278 - INFO - feature_engineering - Feature 'intensity' created
2025-10-07 12:08:39,278 - INFO - feature_engineering - Feature 'calories_per_min' created
2025-10-07 12:08:39,278 - INFO - feature_engineering - Feature 'water_per_session' created
2025-10-07 12:08:39,278 - ERROR - feature_engineering - Error in create_features: 'experience_level'
2025-10-07 12:16:13,999 - INFO - feature_engineering - FeatureCreation initialized with dataset shape: (1, 17)
2025-10-07 12:16:14,000 - INFO - feature_engineering - Feature 'bmi' created
2025-10-07 12:16:14,000 - INFO - feature_engineering - Feature 'hrr' created
2025-10-07 12:16:14,000 - INFO - feature_engineering - Feature 'intensity' created
2025-10-07 12:16:14,001 - INFO - feature_engineering - Feature 'calories_per_min' created
2025-10-07 12:16:14,001 - INFO - feature_engineering - Feature 'water_per_session' created
2025-10-07 12:16:14,001 - INFO - feature_engineering - Feature 'experience_intensity_ratio' created
2025-10-07 12:16:14,001 - INFO - feature_engineering - All features created successfully. Dataset shape now: (1, 22)
2025-10-07 12:18:45,107 - INFO - feature_engineering - FeatureCreation initialized with dataset shape: (1, 17)
2025-10-07 12:18:45,108 - INFO - feature_engineering - Feature 'bmi' created
2025-10-07 12:18:45,108 - INFO - feature_engineering - Feature 'hrr' created
2025-10-07 12:18:45,108 - INFO - feature_engineering - Feature 'intensity' created
2025-10-07 12:18:45,108 - INFO - feature_engineering - Feature 'calories_per_min' created
2025-10-07 12:18:45,108 - INFO - feature_engineering - Feature 'water_per_session' created
2025-10-07 12:18:45,109 - INFO - feature_engineering - Feature 'experience_intensity_ratio' created
2025-10-07 12:18:45,109 - INFO - feature_engineering - All features created successfully. Dataset shape now: (1, 22)
2025-10-07 12:20:47,674 - INFO - feature_engineering - FeatureCreation initialized with dataset shape: (1, 17)
2025-10-07 12:20:47,674 - INFO - feature_engineering - Feature 'bmi' created
2025-10-07 12:20:47,674 - INFO - feature_engineering - Feature 'hrr' created
2025-10-07 12:20:47,675 - INFO - feature_engineering - Feature 'intensity' created
2025-10-07 12:20:47,675 - INFO - feature_engineering - Feature 'calories_per_min' created
2025-10-07 12:20:47,675 - INFO - feature_engineering - Feature 'water_per_session' created
2025-10-07 12:20:47,675 - INFO - feature_engineering - Feature 'experience_intensity_ratio' created
2025-10-07 12:20:47,675 - INFO - feature_engineering - All features created successfully. Dataset shape now: (1, 22)
2025-10-07 12:21:41,817 - INFO - feature_engineering - FeatureCreation initialized with dataset shape: (1, 17)
2025-10-07 12:21:41,817 - INFO - feature_engineering - Feature 'bmi' created
2025-10-07 12:21:41,818 - INFO - feature_engineering - Feature 'hrr' created
2025-10-07 12:21:41,818 - INFO - feature_engineering - Feature 'intensity' created
2025-10-07 12:21:41,818 - INFO - feature_engineering - Feature 'calories_per_min' created
2025-10-07 12:21:41,818 - INFO - feature_engineering - Feature 'water_per_session' created
2025-10-07 12:21:41,818 - INFO - feature_engineering - Feature 'experience_intensity_ratio' created
2025-10-07 12:21:41,818 - INFO - feature_engineering - All features created successfully. Dataset shape now: (1, 22)
2025-10-07 12:21:43,632 - INFO - feature_engineering - FeatureCreation initialized with dataset shape: (1, 17)
2025-10-07 12:21:43,632 - INFO - feature_engineering - Feature 'bmi' created
2025-10-07 12:21:43,633 - INFO - feature_engineering - Feature 'hrr' created
2025-10-07 12:21:43,633 - INFO - feature_engineering - Feature 'intensity' created
2025-10-07 12:21:43,633 - INFO - feature_engineering - Feature 'calories_per_min' created
2025-10-07 12:21:43,633 - INFO - feature_engineering - Feature 'water_per_session' created
2025-10-07 12:21:43,633 - INFO - feature_engineering - Feature 'experience_intensity_ratio' created
2025-10-07 12:21:43,633 - INFO - feature_engineering - All features created successfully. Dataset shape now: (1, 22)
2025-10-07 12:21:47,553 - INFO - feature_engineering - FeatureCreation initialized with dataset shape: (1, 17)
2025-10-07 12:21:47,553 - INFO - feature_engineering - Feature 'bmi' created
2025-10-07 12:21:47,553 - INFO - feature_engineering - Feature 'hrr' created
2025-10-07 12:21:47,554 - INFO - feature_engineering - Feature 'intensity' created
2025-10-07 12:21:47,554 - INFO - feature_engineering - Feature 'calories_per_min' created
2025-10-07 12:21:47,554 - INFO - feature_engineering - Feature 'water_per_session' created
2025-10-07 12:21:47,554 - INFO - feature_engineering - Feature 'experience_intensity_ratio' created
2025-10-07 12:21:47,554 - INFO - feature_engineering - All features created successfully. Dataset shape now: (1, 22)
2025-10-07 12:25:08,283 - INFO - feature_engineering - FeatureCreation initialized with dataset shape: (1, 17)
2025-10-07 12:25:08,283 - INFO - feature_engineering - Feature 'bmi' created
2025-10-07 12:25:08,283 - INFO - feature_engineering - Feature 'hrr' created
2025-10-07 12:25:08,283 - INFO - feature_engineering - Feature 'intensity' created
2025-10-07 12:25:08,283 - INFO - feature_engineering - Feature 'calories_per_min' created
2025-10-07 12:25:08,283 - INFO - feature_engineering - Feature 'water_per_session' created
2025-10-07 12:25:08,284 - INFO - feature_engineering - Feature 'experience_intensity_ratio' created
2025-10-07 12:25:08,284 - INFO - feature_engineering - All features created successfully. Dataset shape now: (1, 22)
2025-10-07 12:27:30,707 - INFO - feature_engineering - FeatureCreation initialized with dataset shape: (1, 17)
2025-10-07 12:27:30,709 - INFO - feature_engineering - Feature 'bmi' created
2025-10-07 12:27:30,709 - INFO - feature_engineering - Feature 'hrr' created
2025-10-07 12:27:30,709 - INFO - feature_engineering - Feature 'intensity' created
2025-10-07 12:27:30,709 - INFO - feature_engineering - Feature 'calories_per_min' created
2025-10-07 12:27:30,709 - INFO - feature_engineering - Feature 'water_per_session' created
2025-10-07 12:27:30,709 - INFO - feature_engineering - Feature 'experience_intensity_ratio' created
2025-10-07 12:27:30,709 - INFO - feature_engineering - All features created successfully. Dataset shape now: (1, 22)
2025-10-07 12:27:38,450 - INFO - feature_engineering - FeatureCreation initialized with dataset shape: (1, 17)
2025-10-07 12:27:38,450 - INFO - feature_engineering - Feature 'bmi' created
2025-10-07 12:27:38,450 - INFO - feature_engineering - Feature 'hrr' created
2025-10-07 12:27:38,450 - INFO - feature_engineering - Feature 'intensity' created
2025-10-07 12:27:38,450 - INFO - feature_engineering - Feature 'calories_per_min' created
2025-10-07 12:27:38,451 - INFO - feature_engineering - Feature 'water_per_session' created
2025-10-07 12:27:38,451 - INFO - feature_engineering - Feature 'experience_intensity_ratio' created
2025-10-07 12:27:38,451 - INFO - feature_engineering - All features created successfully. Dataset shape now: (1, 22)
2025-10-07 12:27:40,791 - INFO - feature_engineering - FeatureCreation initialized with dataset shape: (1, 17)
2025-10-07 12:27:40,791 - INFO - feature_engineering - Feature 'bmi' created
2025-10-07 12:27:40,792 - INFO - feature_engineering - Feature 'hrr' created
2025-10-07 12:27:40,792 - INFO - feature_engineering - Feature 'intensity' created
2025-10-07 12:27:40,792 - INFO - feature_engineering - Feature 'calories_per_min' created
2025-10-07 12:27:40,792 - INFO - feature_engineering - Feature 'water_per_session' created
2025-10-07 12:27:40,792 - INFO - feature_engineering - Feature 'experience_intensity_ratio' created
2025-10-07 12:27:40,792 - INFO - feature_engineering - All features created successfully. Dataset shape now: (1, 22)
2025-10-07 12:27:41,791 - INFO - feature_engineering - FeatureCreation initialized with dataset shape: (1, 17)
2025-10-07 12:27:41,791 - INFO - feature_engineering - Feature 'bmi' created
2025-10-07 12:27:41,791 - INFO - feature_engineering - Feature 'hrr' created
2025-10-07 12:27:41,792 - INFO - feature_engineering - Feature 'intensity' created
2025-10-07 12:27:41,792 - INFO - feature_engineering - Feature 'calories_per_min' created
2025-10-07 12:27:41,792 - INFO - feature_engineering - Feature 'water_per_session' created
2025-10-07 12:27:41,792 - INFO - feature_engineering - Feature 'experience_intensity_ratio' created
2025-10-07 12:27:41,792 - INFO - feature_engineering - All features created successfully. Dataset shape now: (1, 22)
2025-10-07 12:28:00,572 - INFO - feature_engineering - FeatureCreation initialized with dataset shape: (1, 17)
2025-10-07 12:28:00,572 - INFO - feature_engineering - Feature 'bmi' created
2025-10-07 12:28:00,572 - INFO - feature_engineering - Feature 'hrr' created
2025-10-07 12:28:00,572 - INFO - feature_engineering - Feature 'intensity' created
2025-10-07 12:28:00,573 - INFO - feature_engineering - Feature 'calories_per_min' created
2025-10-07 12:28:00,573 - INFO - feature_engineering - Feature 'water_per_session' created
2025-10-07 12:28:00,573 - INFO - feature_engineering - Feature 'experience_intensity_ratio' created
2025-10-07 12:28:00,573 - INFO - feature_engineering - All features created successfully. Dataset shape now: (1, 22)
2025-10-07 12:33:54,180 - INFO - feature_engineering - FeatureCreation initialized with dataset shape: (1, 17)
2025-10-07 12:33:54,180 - INFO - feature_engineering - Feature 'bmi' created
2025-10-07 12:33:54,180 - INFO - feature_engineering - Feature 'hrr' created
2025-10-07 12:33:54,181 - INFO - feature_engineering - Feature 'intensity' created
2025-10-07 12:33:54,181 - INFO - feature_engineering - Feature 'calories_per_min' created
2025-10-07 12:33:54,181 - INFO - feature_engineering - Feature 'water_per_session' created
2025-10-07 12:33:54,181 - INFO - feature_engineering - Feature 'experience_intensity_ratio' created
2025-10-07 12:33:54,181 - INFO - feature_engineering - All features created successfully. Dataset shape now: (1, 22)
2025-10-07 12:34:00,524 - INFO - feature_engineering - FeatureCreation initialized with dataset shape: (1, 17)
2025-10-07 12:34:00,524 - INFO - feature_engineering - Feature 'bmi' created
2025-10-07 12:34:00,525 - INFO - feature_engineering - Feature 'hrr' created
2025-10-07 12:34:00,525 - INFO - feature_engineering - Feature 'intensity' created
2025-10-07 12:34:00,525 - INFO - feature_engineering - Feature 'calories_per_min' created
2025-10-07 12:34:00,525 - INFO - feature_engineering - Feature 'water_per_session' created
2025-10-07 12:34:00,525 - INFO - feature_engineering - Feature 'experience_intensity_ratio' created
2025-10-07 12:34:00,525 - INFO - feature_engineering - All features created successfully. Dataset shape now: (1, 22)
2025-10-07 12:34:00,825 - INFO - feature_engineering - FeatureCreation initialized with dataset shape: (1, 17)
2025-10-07 12:34:00,825 - INFO - feature_engineering - Feature 'bmi' created
2025-10-07 12:34:00,825 - INFO - feature_engineering - Feature 'hrr' created
2025-10-07 12:34:00,826 - INFO - feature_engineering - Feature 'intensity' created
2025-10-07 12:34:00,826 - INFO - feature_engineering - Feature 'calories_per_min' created
2025-10-07 12:34:00,826 - INFO - feature_engineering - Feature 'water_per_session' created
2025-10-07 12:34:00,826 - INFO - feature_engineering - Feature 'experience_intensity_ratio' created
2025-10-07 12:34:00,826 - INFO - feature_engineering - All features created successfully. Dataset shape now: (1, 22)
2025-10-07 12:34:01,288 - INFO - feature_engineering - FeatureCreation initialized with dataset shape: (1, 17)
2025-10-07 12:34:01,289 - INFO - feature_engineering - Feature 'bmi' created
2025-10-07 12:34:01,289 - INFO - feature_engineering - Feature 'hrr' created
2025-10-07 12:34:01,289 - INFO - feature_engineering - Feature 'intensity' created
2025-10-07 12:34:01,289 - INFO - feature_engineering - Feature 'calories_per_min' created
2025-10-07 12:34:01,289 - INFO - feature_engineering - Feature 'water_per_session' created
2025-10-07 12:34:01,290 - INFO - feature_engineering - Feature 'experience_intensity_ratio' created
2025-10-07 12:34:01,290 - INFO - feature_engineering - All features created successfully. Dataset shape now: (1, 22)
2025-10-07 12:34:01,825 - INFO - feature_engineering - FeatureCreation initialized with dataset shape: (1, 17)
2025-10-07 12:34:01,825 - INFO - feature_engineering - Feature 'bmi' created
2025-10-07 12:34:01,826 - INFO - feature_engineering - Feature 'hrr' created
2025-10-07 12:34:01,826 - INFO - feature_engineering - Feature 'intensity' created
2025-10-07 12:34:01,826 - INFO - feature_engineering - Feature 'calories_per_min' created
2025-10-07 12:34:01,826 - INFO - feature_engineering - Feature 'water_per_session' created
2025-10-07 12:34:01,826 - INFO - feature_engineering - Feature 'experience_intensity_ratio' created
2025-10-07 12:34:01,826 - INFO - feature_engineering - All features created successfully. Dataset shape now: (1, 22)
2025-10-07 12:34:02,289 - INFO - feature_engineering - FeatureCreation initialized with dataset shape: (1, 17)
2025-10-07 12:34:02,289 - INFO - feature_engineering - Feature 'bmi' created
2025-10-07 12:34:02,290 - INFO - feature_engineering - Feature 'hrr' created
2025-10-07 12:34:02,290 - INFO - feature_engineering - Feature 'intensity' created
2025-10-07 12:34:02,290 - INFO - feature_engineering - Feature 'calories_per_min' created
2025-10-07 12:34:02,290 - INFO - feature_engineering - Feature 'water_per_session' created
2025-10-07 12:34:02,290 - INFO - feature_engineering - Feature 'experience_intensity_ratio' created
2025-10-07 12:34:02,290 - INFO - feature_engineering - All features created successfully. Dataset shape now: (1, 22)
2025-10-07 12:34:13,711 - INFO - feature_engineering - FeatureCreation initialized with dataset shape: (1, 17)
2025-10-07 12:34:13,711 - INFO - feature_engineering - Feature 'bmi' created
2025-10-07 12:34:13,711 - INFO - feature_engineering - Feature 'hrr' created
2025-10-07 12:34:13,712 - INFO - feature_engineering - Feature 'intensity' created
2025-10-07 12:34:13,712 - INFO - feature_engineering - Feature 'calories_per_min' created
2025-10-07 12:34:13,712 - INFO - feature_engineering - Feature 'water_per_session' created
2025-10-07 12:34:13,712 - INFO - feature_engineering - Feature 'experience_intensity_ratio' created
2025-10-07 12:34:13,712 - INFO - feature_engineering - All features created successfully. Dataset shape now: (1, 22)
2025-10-07 12:34:18,304 - INFO - feature_engineering - FeatureCreation initialized with dataset shape: (1, 17)
2025-10-07 12:34:18,305 - INFO - feature_engineering - Feature 'bmi' created
2025-10-07 12:34:18,305 - INFO - feature_engineering - Feature 'hrr' created
2025-10-07 12:34:18,305 - INFO - feature_engineering - Feature 'intensity' created
2025-10-07 12:34:18,305 - INFO - feature_engineering - Feature 'calories_per_min' created
2025-10-07 12:34:18,305 - INFO - feature_engineering - Feature 'water_per_session' created
2025-10-07 12:34:18,305 - INFO - feature_engineering - Feature 'experience_intensity_ratio' created
2025-10-07 12:34:18,305 - INFO - feature_engineering - All features created successfully. Dataset shape now: (1, 22)
2025-10-07 12:42:19,574 - INFO - feature_engineering - FeatureCreation initialized with dataset shape: (1, 17)
2025-10-07 12:42:19,575 - INFO - feature_engineering - Feature 'bmi' created
2025-10-07 12:42:19,575 - INFO - feature_engineering - Feature 'hrr' created
2025-10-07 12:42:19,575 - INFO - feature_engineering - Feature 'intensity' created
2025-10-07 12:42:19,576 - INFO - feature_engineering - Feature 'calories_per_min' created
2025-10-07 12:42:19,576 - INFO - feature_engineering - Feature 'water_per_session' created
2025-10-07 12:42:19,576 - INFO - feature_engineering - Feature 'experience_intensity_ratio' created
2025-10-07 12:42:19,576 - INFO - feature_engineering - All features created successfully. Dataset shape now: (1, 22)
2025-10-07 12:42:24,616 - INFO - feature_engineering - FeatureCreation initialized with dataset shape: (1, 17)
2025-10-07 12:42:24,617 - INFO - feature_engineering - Feature 'bmi' created
2025-10-07 12:42:24,617 - INFO - feature_engineering - Feature 'hrr' created
2025-10-07 12:42:24,617 - INFO - feature_engineering - Feature 'intensity' created
2025-10-07 12:42:24,617 - INFO - feature_engineering - Feature 'calories_per_min' created
2025-10-07 12:42:24,617 - INFO - feature_engineering - Feature 'water_per_session' created
2025-10-07 12:42:24,617 - INFO - feature_engineering - Feature 'experience_intensity_ratio' created
2025-10-07 12:42:24,617 - INFO - feature_engineering - All features created successfully. Dataset shape now: (1, 22)
2025-10-07 12:43:47,386 - INFO - feature_engineering - FeatureCreation initialized with dataset shape: (1, 3)
2025-10-07 12:43:47,386 - ERROR - feature_engineering - Error in create_features: 'weight'
2025-10-07 12:43:56,291 - INFO - feature_engineering - FeatureCreation initialized with dataset shape: (1, 3)
2025-10-07 12:43:56,291 - ERROR - feature_engineering - Error in create_features: 'weight'
2025-10-07 12:44:13,250 - INFO - feature_engineering - FeatureCreation initialized with dataset shape: (1, 17)
2025-10-07 12:44:13,250 - INFO - feature_engineering - Feature 'bmi' created
2025-10-07 12:44:13,250 - INFO - feature_engineering - Feature 'hrr' created
2025-10-07 12:44:13,250 - INFO - feature_engineering - Feature 'intensity' created
2025-10-07 12:44:13,251 - INFO - feature_engineering - Feature 'calories_per_min' created
2025-10-07 12:44:13,251 - INFO - feature_engineering - Feature 'water_per_session' created
2025-10-07 12:44:13,251 - INFO - feature_engineering - Feature 'experience_intensity_ratio' created
2025-10-07 12:44:13,251 - INFO - feature_engineering - All features created successfully. Dataset shape now: (1, 22)
2025-10-07 12:44:13,255 - INFO - feature_engineering - FeatureCreation initialized with dataset shape: (1, 3)
2025-10-07 12:44:13,255 - ERROR - feature_engineering - Error in create_features: 'weight'
2025-10-07 12:45:45,016 - INFO - feature_engineering - FeatureCreation initialized with dataset shape: (1, 17)
2025-10-07 12:45:45,016 - INFO - feature_engineering - Feature 'bmi' created
2025-10-07 12:45:45,017 - INFO - feature_engineering - Feature 'hrr' created
2025-10-07 12:45:45,017 - INFO - feature_engineering - Feature 'intensity' created
2025-10-07 12:45:45,018 - INFO - feature_engineering - Feature 'calories_per_min' created
2025-10-07 12:45:45,018 - INFO - feature_engineering - Feature 'water_per_session' created
2025-10-07 12:45:45,019 - INFO - feature_engineering - Feature 'experience_intensity_ratio' created
2025-10-07 12:45:45,019 - INFO - feature_engineering - All features created successfully. Dataset shape now: (1, 22)
2025-10-07 12:51:00,299 - INFO - feature_engineering - FeatureCreation initialized with dataset shape: (1, 17)
2025-10-07 12:51:00,299 - INFO - feature_engineering - Feature 'bmi' created
2025-10-07 12:51:00,300 - INFO - feature_engineering - Feature 'hrr' created
2025-10-07 12:51:00,300 - INFO - feature_engineering - Feature 'intensity' created
2025-10-07 12:51:00,300 - INFO - feature_engineering - Feature 'calories_per_min' created
2025-10-07 12:51:00,301 - INFO - feature_engineering - Feature 'water_per_session' created
2025-10-07 12:51:00,301 - INFO - feature_engineering - Feature 'experience_intensity_ratio' created
2025-10-07 12:51:00,301 - INFO - feature_engineering - All features created successfully. Dataset shape now: (1, 22)
2025-10-07 12:52:02,568 - INFO - feature_engineering - FeatureCreation initialized with dataset shape: (1, 17)
2025-10-07 12:52:02,568 - INFO - feature_engineering - Feature 'bmi' created
2025-10-07 12:52:02,568 - INFO - feature_engineering - Feature 'hrr' created
2025-10-07 12:52:02,568 - INFO - feature_engineering - Feature 'intensity' created
2025-10-07 12:52:02,569 - INFO - feature_engineering - Feature 'calories_per_min' created
2025-10-07 12:52:02,569 - INFO - feature_engineering - Feature 'water_per_session' created
2025-10-07 12:52:02,569 - INFO - feature_engineering - Feature 'experience_intensity_ratio' created
2025-10-07 12:52:02,569 - INFO - feature_engineering - All features created successfully. Dataset shape now: (1, 22)
2025-10-07 12:59:01,861 - INFO - feature_engineering - FeatureCreation initialized with dataset shape: (1, 17)
2025-10-07 12:59:01,862 - INFO - feature_engineering - Feature 'bmi' created
2025-10-07 12:59:01,862 - INFO - feature_engineering - Feature 'hrr' created
2025-10-07 12:59:01,862 - INFO - feature_engineering - Feature 'intensity' created
2025-10-07 12:59:01,863 - INFO - feature_engineering - Feature 'calories_per_min' created
2025-10-07 12:59:01,863 - INFO - feature_engineering - Feature 'water_per_session' created
2025-10-07 12:59:01,863 - INFO - feature_engineering - Feature 'experience_intensity_ratio' created
2025-10-07 12:59:01,863 - INFO - feature_engineering - All features created successfully. Dataset shape now: (1, 22)
2025-10-07 12:59:04,981 - INFO - feature_engineering - FeatureCreation initialized with dataset shape: (1, 17)
2025-10-07 12:59:04,982 - INFO - feature_engineering - Feature 'bmi' created
2025-10-07 12:59:04,982 - INFO - feature_engineering - Feature 'hrr' created
2025-10-07 12:59:04,983 - INFO - feature_engineering - Feature 'intensity' created
2025-10-07 12:59:04,983 - INFO - feature_engineering - Feature 'calories_per_min' created
2025-10-07 12:59:04,983 - INFO - feature_engineering - Feature 'water_per_session' created
2025-10-07 12:59:04,984 - INFO - feature_engineering - Feature 'experience_intensity_ratio' created
2025-10-07 12:59:04,984 - INFO - feature_engineering - All features created successfully. Dataset shape now: (1, 22)
2025-10-07 12:59:15,247 - INFO - feature_engineering - FeatureCreation initialized with dataset shape: (1, 17)
2025-10-07 12:59:15,248 - INFO - feature_engineering - Feature 'bmi' created
2025-10-07 12:59:15,248 - INFO - feature_engineering - Feature 'hrr' created
2025-10-07 12:59:15,248 - INFO - feature_engineering - Feature 'intensity' created
2025-10-07 12:59:15,248 - INFO - feature_engineering - Feature 'calories_per_min' created
2025-10-07 12:59:15,248 - INFO - feature_engineering - Feature 'water_per_session' created
2025-10-07 12:59:15,249 - INFO - feature_engineering - Feature 'experience_intensity_ratio' created
2025-10-07 12:59:15,249 - INFO - feature_engineering - All features created successfully. Dataset shape now: (1, 22)
2025-10-07 12:59:23,125 - INFO - feature_engineering - FeatureCreation initialized with dataset shape: (1, 17)
2025-10-07 12:59:23,126 - INFO - feature_engineering - Feature 'bmi' created
2025-10-07 12:59:23,126 - INFO - feature_engineering - Feature 'hrr' created
2025-10-07 12:59:23,126 - INFO - feature_engineering - Feature 'intensity' created
2025-10-07 12:59:23,127 - INFO - feature_engineering - Feature 'calories_per_min' created
2025-10-07 12:59:23,127 - INFO - feature_engineering - Feature 'water_per_session' created
2025-10-07 12:59:23,127 - INFO - feature_engineering - Feature 'experience_intensity_ratio' created
2025-10-07 12:59:23,127 - INFO - feature_engineering - All features created successfully. Dataset shape now: (1, 22)
2025-10-07 12:59:50,276 - INFO - feature_engineering - FeatureCreation initialized with dataset shape: (1, 17)
2025-10-07 12:59:50,277 - INFO - feature_engineering - Feature 'bmi' created
2025-10-07 12:59:50,277 - INFO - feature_engineering - Feature 'hrr' created
2025-10-07 12:59:50,277 - INFO - feature_engineering - Feature 'intensity' created
2025-10-07 12:59:50,277 - INFO - feature_engineering - Feature 'calories_per_min' created
2025-10-07 12:59:50,278 - INFO - feature_engineering - Feature 'water_per_session' created
2025-10-07 12:59:50,278 - INFO - feature_engineering - Feature 'experience_intensity_ratio' created
2025-10-07 12:59:50,278 - INFO - feature_engineering - All features created successfully. Dataset shape now: (1, 22)
2025-10-07 12:59:50,974 - INFO - feature_engineering - FeatureCreation initialized with dataset shape: (1, 17)
2025-10-07 12:59:50,975 - INFO - feature_engineering - Feature 'bmi' created
2025-10-07 12:59:50,975 - INFO - feature_engineering - Feature 'hrr' created
2025-10-07 12:59:50,975 - INFO - feature_engineering - Feature 'intensity' created
2025-10-07 12:59:50,975 - INFO - feature_engineering - Feature 'calories_per_min' created
2025-10-07 12:59:50,975 - INFO - feature_engineering - Feature 'water_per_session' created
2025-10-07 12:59:50,976 - INFO - feature_engineering - Feature 'experience_intensity_ratio' created
2025-10-07 12:59:50,976 - INFO - feature_engineering - All features created successfully. Dataset shape now: (1, 22)
2025-10-07 12:59:51,956 - INFO - feature_engineering - FeatureCreation initialized with dataset shape: (1, 17)
2025-10-07 12:59:51,956 - INFO - feature_engineering - Feature 'bmi' created
2025-10-07 12:59:51,956 - INFO - feature_engineering - Feature 'hrr' created
2025-10-07 12:59:51,957 - INFO - feature_engineering - Feature 'intensity' created
2025-10-07 12:59:51,957 - INFO - feature_engineering - Feature 'calories_per_min' created
2025-10-07 12:59:51,957 - INFO - feature_engineering - Feature 'water_per_session' created
2025-10-07 12:59:51,957 - INFO - feature_engineering - Feature 'experience_intensity_ratio' created
2025-10-07 12:59:51,957 - INFO - feature_engineering - All features created successfully. Dataset shape now: (1, 22)
2025-10-07 12:59:52,825 - INFO - feature_engineering - FeatureCreation initialized with dataset shape: (1, 17)
2025-10-07 12:59:52,827 - INFO - feature_engineering - Feature 'bmi' created
2025-10-07 12:59:52,827 - INFO - feature_engineering - Feature 'hrr' created
2025-10-07 12:59:52,827 - INFO - feature_engineering - Feature 'intensity' created
2025-10-07 12:59:52,827 - INFO - feature_engineering - Feature 'calories_per_min' created
2025-10-07 12:59:52,827 - INFO - feature_engineering - Feature 'water_per_session' created
2025-10-07 12:59:52,828 - INFO - feature_engineering - Feature 'experience_intensity_ratio' created
2025-10-07 12:59:52,828 - INFO - feature_engineering - All features created successfully. Dataset shape now: (1, 22)
2025-10-07 13:00:00,040 - INFO - feature_engineering - FeatureCreation initialized with dataset shape: (1, 17)
2025-10-07 13:00:00,041 - INFO - feature_engineering - Feature 'bmi' created
2025-10-07 13:00:00,041 - INFO - feature_engineering - Feature 'hrr' created
2025-10-07 13:00:00,041 - INFO - feature_engineering - Feature 'intensity' created
2025-10-07 13:00:00,041 - INFO - feature_engineering - Feature 'calories_per_min' created
2025-10-07 13:00:00,042 - INFO - feature_engineering - Feature 'water_per_session' created
2025-10-07 13:00:00,042 - INFO - feature_engineering - Feature 'experience_intensity_ratio' created
2025-10-07 13:00:00,042 - INFO - feature_engineering - All features created successfully. Dataset shape now: (1, 22)
2025-10-07 13:00:10,551 - INFO - feature_engineering - FeatureCreation initialized with dataset shape: (1, 17)
2025-10-07 13:00:10,551 - INFO - feature_engineering - Feature 'bmi' created
2025-10-07 13:00:10,551 - INFO - feature_engineering - Feature 'hrr' created
2025-10-07 13:00:10,552 - INFO - feature_engineering - Feature 'intensity' created
2025-10-07 13:00:10,552 - INFO - feature_engineering - Feature 'calories_per_min' created
2025-10-07 13:00:10,552 - INFO - feature_engineering - Feature 'water_per_session' created
2025-10-07 13:00:10,552 - INFO - feature_engineering - Feature 'experience_intensity_ratio' created
2025-10-07 13:00:10,552 - INFO - feature_engineering - All features created successfully. Dataset shape now: (1, 22)
2025-10-07 13:00:11,275 - INFO - feature_engineering - FeatureCreation initialized with dataset shape: (1, 17)
2025-10-07 13:00:11,275 - INFO - feature_engineering - Feature 'bmi' created
2025-10-07 13:00:11,275 - INFO - feature_engineering - Feature 'hrr' created
2025-10-07 13:00:11,277 - INFO - feature_engineering - Feature 'intensity' created
2025-10-07 13:00:11,277 - INFO - feature_engineering - Feature 'calories_per_min' created
2025-10-07 13:00:11,277 - INFO - feature_engineering - Feature 'water_per_session' created
2025-10-07 13:00:11,277 - INFO - feature_engineering - Feature 'experience_intensity_ratio' created
2025-10-07 13:00:11,277 - INFO - feature_engineering - All features created successfully. Dataset shape now: (1, 22)
2025-10-07 13:00:17,178 - INFO - feature_engineering - FeatureCreation initialized with dataset shape: (1, 17)
2025-10-07 13:00:17,178 - INFO - feature_engineering - Feature 'bmi' created
2025-10-07 13:00:17,178 - INFO - feature_engineering - Feature 'hrr' created
2025-10-07 13:00:17,179 - INFO - feature_engineering - Feature 'intensity' created
2025-10-07 13:00:17,179 - INFO - feature_engineering - Feature 'calories_per_min' created
2025-10-07 13:00:17,179 - INFO - feature_engineering - Feature 'water_per_session' created
2025-10-07 13:00:17,179 - INFO - feature_engineering - Feature 'experience_intensity_ratio' created
2025-10-07 13:00:17,179 - INFO - feature_engineering - All features created successfully. Dataset shape now: (1, 22)
2025-10-07 13:00:19,475 - INFO - feature_engineering - FeatureCreation initialized with dataset shape: (1, 17)
2025-10-07 13:00:19,476 - INFO - feature_engineering - Feature 'bmi' created
2025-10-07 13:00:19,476 - INFO - feature_engineering - Feature 'hrr' created
2025-10-07 13:00:19,476 - INFO - feature_engineering - Feature 'intensity' created
2025-10-07 13:00:19,477 - INFO - feature_engineering - Feature 'calories_per_min' created
2025-10-07 13:00:19,477 - INFO - feature_engineering - Feature 'water_per_session' created
2025-10-07 13:00:19,477 - INFO - feature_engineering - Feature 'experience_intensity_ratio' created
2025-10-07 13:00:19,477 - INFO - feature_engineering - All features created successfully. Dataset shape now: (1, 22)
2025-10-07 13:00:28,519 - INFO - feature_engineering - FeatureCreation initialized with dataset shape: (1, 17)
2025-10-07 13:00:28,519 - INFO - feature_engineering - Feature 'bmi' created
2025-10-07 13:00:28,519 - INFO - feature_engineering - Feature 'hrr' created
2025-10-07 13:00:28,520 - INFO - feature_engineering - Feature 'intensity' created
2025-10-07 13:00:28,520 - INFO - feature_engineering - Feature 'calories_per_min' created
2025-10-07 13:00:28,520 - INFO - feature_engineering - Feature 'water_per_session' created
2025-10-07 13:00:28,520 - INFO - feature_engineering - Feature 'experience_intensity_ratio' created
2025-10-07 13:00:28,520 - INFO - feature_engineering - All features created successfully. Dataset shape now: (1, 22)
2025-10-07 13:00:37,122 - INFO - feature_engineering - FeatureCreation initialized with dataset shape: (1, 17)
2025-10-07 13:00:37,122 - INFO - feature_engineering - Feature 'bmi' created
2025-10-07 13:00:37,122 - INFO - feature_engineering - Feature 'hrr' created
2025-10-07 13:00:37,123 - INFO - feature_engineering - Feature 'intensity' created
2025-10-07 13:00:37,123 - INFO - feature_engineering - Feature 'calories_per_min' created
2025-10-07 13:00:37,123 - INFO - feature_engineering - Feature 'water_per_session' created
2025-10-07 13:00:37,123 - INFO - feature_engineering - Feature 'experience_intensity_ratio' created
2025-10-07 13:00:37,123 - INFO - feature_engineering - All features created successfully. Dataset shape now: (1, 22)
2025-10-07 13:00:49,547 - INFO - feature_engineering - FeatureCreation initialized with dataset shape: (1, 17)
2025-10-07 13:00:49,548 - INFO - feature_engineering - Feature 'bmi' created
2025-10-07 13:00:49,548 - INFO - feature_engineering - Feature 'hrr' created
2025-10-07 13:00:49,548 - INFO - feature_engineering - Feature 'intensity' created
2025-10-07 13:00:49,549 - INFO - feature_engineering - Feature 'calories_per_min' created
2025-10-07 13:00:49,549 - INFO - feature_engineering - Feature 'water_per_session' created
2025-10-07 13:00:49,549 - INFO - feature_engineering - Feature 'experience_intensity_ratio' created
2025-10-07 13:00:49,549 - INFO - feature_engineering - All features created successfully. Dataset shape now: (1, 22)
2025-10-07 13:00:55,504 - INFO - feature_engineering - FeatureCreation initialized with dataset shape: (1, 17)
2025-10-07 13:00:55,505 - INFO - feature_engineering - Feature 'bmi' created
2025-10-07 13:00:55,505 - INFO - feature_engineering - Feature 'hrr' created
2025-10-07 13:00:55,505 - INFO - feature_engineering - Feature 'intensity' created
2025-10-07 13:00:55,505 - INFO - feature_engineering - Feature 'calories_per_min' created
2025-10-07 13:00:55,505 - INFO - feature_engineering - Feature 'water_per_session' created
2025-10-07 13:00:55,506 - INFO - feature_engineering - Feature 'experience_intensity_ratio' created
2025-10-07 13:00:55,506 - INFO - feature_engineering - All features created successfully. Dataset shape now: (1, 22)
2025-10-07 13:01:03,339 - INFO - feature_engineering - FeatureCreation initialized with dataset shape: (1, 17)
2025-10-07 13:01:03,339 - INFO - feature_engineering - Feature 'bmi' created
2025-10-07 13:01:03,339 - INFO - feature_engineering - Feature 'hrr' created
2025-10-07 13:01:03,340 - INFO - feature_engineering - Feature 'intensity' created
2025-10-07 13:01:03,340 - INFO - feature_engineering - Feature 'calories_per_min' created
2025-10-07 13:01:03,340 - INFO - feature_engineering - Feature 'water_per_session' created
2025-10-07 13:01:03,340 - INFO - feature_engineering - Feature 'experience_intensity_ratio' created
2025-10-07 13:01:03,340 - INFO - feature_engineering - All features created successfully. Dataset shape now: (1, 22)
2025-10-07 13:01:19,364 - INFO - feature_engineering - FeatureCreation initialized with dataset shape: (1, 17)
2025-10-07 13:01:19,366 - INFO - feature_engineering - Feature 'bmi' created
2025-10-07 13:01:19,366 - INFO - feature_engineering - Feature 'hrr' created
2025-10-07 13:01:19,366 - INFO - feature_engineering - Feature 'intensity' created
2025-10-07 13:01:19,367 - INFO - feature_engineering - Feature 'calories_per_min' created
2025-10-07 13:01:19,367 - INFO - feature_engineering - Feature 'water_per_session' created
2025-10-07 13:01:19,367 - INFO - feature_engineering - Feature 'experience_intensity_ratio' created
2025-10-07 13:01:19,367 - INFO - feature_engineering - All features created successfully. Dataset shape now: (1, 22)
2025-10-07 13:01:27,720 - INFO - feature_engineering - FeatureCreation initialized with dataset shape: (1, 17)
2025-10-07 13:01:27,720 - INFO - feature_engineering - Feature 'bmi' created
2025-10-07 13:01:27,721 - INFO - feature_engineering - Feature 'hrr' created
2025-10-07 13:01:27,721 - INFO - feature_engineering - Feature 'intensity' created
2025-10-07 13:01:27,721 - INFO - feature_engineering - Feature 'calories_per_min' created
2025-10-07 13:01:27,721 - INFO - feature_engineering - Feature 'water_per_session' created
2025-10-07 13:01:27,722 - INFO - feature_engineering - Feature 'experience_intensity_ratio' created
2025-10-07 13:01:27,722 - INFO - feature_engineering - All features created successfully. Dataset shape now: (1, 22)
2025-10-07 13:01:35,501 - INFO - feature_engineering - FeatureCreation initialized with dataset shape: (1, 17)
2025-10-07 13:01:35,501 - INFO - feature_engineering - Feature 'bmi' created
2025-10-07 13:01:35,502 - INFO - feature_engineering - Feature 'hrr' created
2025-10-07 13:01:35,502 - INFO - feature_engineering - Feature 'intensity' created
2025-10-07 13:01:35,502 - INFO - feature_engineering - Feature 'calories_per_min' created
2025-10-07 13:01:35,503 - INFO - feature_engineering - Feature 'water_per_session' created
2025-10-07 13:01:35,503 - INFO - feature_engineering - Feature 'experience_intensity_ratio' created
2025-10-07 13:01:35,503 - INFO - feature_engineering - All features created successfully. Dataset shape now: (1, 22)
2025-10-07 13:02:18,066 - INFO - feature_engineering - FeatureCreation initialized with dataset shape: (1, 17)
2025-10-07 13:02:18,068 - INFO - feature_engineering - Feature 'bmi' created
2025-10-07 13:02:18,068 - INFO - feature_engineering - Feature 'hrr' created
2025-10-07 13:02:18,068 - INFO - feature_engineering - Feature 'intensity' created
2025-10-07 13:02:18,069 - INFO - feature_engineering - Feature 'calories_per_min' created
2025-10-07 13:02:18,069 - INFO - feature_engineering - Feature 'water_per_session' created
2025-10-07 13:02:18,069 - INFO - feature_engineering - Feature 'experience_intensity_ratio' created
2025-10-07 13:02:18,069 - INFO - feature_engineering - All features created successfully. Dataset shape now: (1, 22)
2025-10-07 13:02:31,983 - INFO - feature_engineering - FeatureCreation initialized with dataset shape: (1, 17)
2025-10-07 13:02:31,983 - INFO - feature_engineering - Feature 'bmi' created
2025-10-07 13:02:31,983 - INFO - feature_engineering - Feature 'hrr' created
2025-10-07 13:02:31,984 - INFO - feature_engineering - Feature 'intensity' created
2025-10-07 13:02:31,984 - INFO - feature_engineering - Feature 'calories_per_min' created
2025-10-07 13:02:31,984 - INFO - feature_engineering - Feature 'water_per_session' created
2025-10-07 13:02:31,984 - INFO - feature_engineering - Feature 'experience_intensity_ratio' created
2025-10-07 13:02:31,984 - INFO - feature_engineering - All features created successfully. Dataset shape now: (1, 22)
2025-10-07 13:02:39,435 - INFO - feature_engineering - FeatureCreation initialized with dataset shape: (1, 17)
2025-10-07 13:02:39,435 - INFO - feature_engineering - Feature 'bmi' created
2025-10-07 13:02:39,435 - INFO - feature_engineering - Feature 'hrr' created
2025-10-07 13:02:39,436 - INFO - feature_engineering - Feature 'intensity' created
2025-10-07 13:02:39,436 - INFO - feature_engineering - Feature 'calories_per_min' created
2025-10-07 13:02:39,436 - INFO - feature_engineering - Feature 'water_per_session' created
2025-10-07 13:02:39,436 - INFO - feature_engineering - Feature 'experience_intensity_ratio' created
2025-10-07 13:02:39,436 - INFO - feature_engineering - All features created successfully. Dataset shape now: (1, 22)
2025-10-07 13:02:44,003 - INFO - feature_engineering - FeatureCreation initialized with dataset shape: (1, 17)
2025-10-07 13:02:44,004 - INFO - feature_engineering - Feature 'bmi' created
2025-10-07 13:02:44,004 - INFO - feature_engineering - Feature 'hrr' created
2025-10-07 13:02:44,004 - INFO - feature_engineering - Feature 'intensity' created
2025-10-07 13:02:44,005 - INFO - feature_engineering - Feature 'calories_per_min' created
2025-10-07 13:02:44,005 - INFO - feature_engineering - Feature 'water_per_session' created
2025-10-07 13:02:44,006 - INFO - feature_engineering - Feature 'experience_intensity_ratio' created
2025-10-07 13:02:44,006 - INFO - feature_engineering - All features created successfully. Dataset shape now: (1, 22)
2025-10-07 13:02:49,598 - INFO - feature_engineering - FeatureCreation initialized with dataset shape: (1, 17)
2025-10-07 13:02:49,599 - INFO - feature_engineering - Feature 'bmi' created
2025-10-07 13:02:49,599 - INFO - feature_engineering - Feature 'hrr' created
2025-10-07 13:02:49,599 - INFO - feature_engineering - Feature 'intensity' created
2025-10-07 13:02:49,599 - INFO - feature_engineering - Feature 'calories_per_min' created
2025-10-07 13:02:49,599 - INFO - feature_engineering - Feature 'water_per_session' created
2025-10-07 13:02:49,600 - INFO - feature_engineering - Feature 'experience_intensity_ratio' created
2025-10-07 13:02:49,600 - INFO - feature_engineering - All features created successfully. Dataset shape now: (1, 22)
2025-10-07 13:02:55,053 - INFO - feature_engineering - FeatureCreation initialized with dataset shape: (1, 17)
2025-10-07 13:02:55,053 - INFO - feature_engineering - Feature 'bmi' created
2025-10-07 13:02:55,053 - INFO - feature_engineering - Feature 'hrr' created
2025-10-07 13:02:55,054 - INFO - feature_engineering - Feature 'intensity' created
2025-10-07 13:02:55,054 - INFO - feature_engineering - Feature 'calories_per_min' created
2025-10-07 13:02:55,054 - INFO - feature_engineering - Feature 'water_per_session' created
2025-10-07 13:02:55,054 - INFO - feature_engineering - Feature 'experience_intensity_ratio' created
2025-10-07 13:02:55,054 - INFO - feature_engineering - All features created successfully. Dataset shape now: (1, 22)
2025-10-07 13:03:01,811 - INFO - feature_engineering - FeatureCreation initialized with dataset shape: (1, 17)
2025-10-07 13:03:01,811 - INFO - feature_engineering - Feature 'bmi' created
2025-10-07 13:03:01,811 - INFO - feature_engineering - Feature 'hrr' created
2025-10-07 13:03:01,811 - INFO - feature_engineering - Feature 'intensity' created
2025-10-07 13:03:01,811 - INFO - feature_engineering - Feature 'calories_per_min' created
2025-10-07 13:03:01,813 - INFO - feature_engineering - Feature 'water_per_session' created
2025-10-07 13:03:01,813 - INFO - feature_engineering - Feature 'experience_intensity_ratio' created
2025-10-07 13:03:01,813 - INFO - feature_engineering - All features created successfully. Dataset shape now: (1, 22)
2025-10-07 13:03:12,684 - INFO - feature_engineering - FeatureCreation initialized with dataset shape: (1, 17)
2025-10-07 13:03:12,684 - INFO - feature_engineering - Feature 'bmi' created
2025-10-07 13:03:12,684 - INFO - feature_engineering - Feature 'hrr' created
2025-10-07 13:03:12,685 - INFO - feature_engineering - Feature 'intensity' created
2025-10-07 13:03:12,685 - INFO - feature_engineering - Feature 'calories_per_min' created
2025-10-07 13:03:12,685 - INFO - feature_engineering - Feature 'water_per_session' created
2025-10-07 13:03:12,685 - INFO - feature_engineering - Feature 'experience_intensity_ratio' created
2025-10-07 13:03:12,685 - INFO - feature_engineering - All features created successfully. Dataset shape now: (1, 22)
2025-10-07 13:03:16,016 - INFO - feature_engineering - FeatureCreation initialized with dataset shape: (1, 17)
2025-10-07 13:03:16,017 - INFO - feature_engineering - Feature 'bmi' created
2025-10-07 13:03:16,017 - INFO - feature_engineering - Feature 'hrr' created
2025-10-07 13:03:16,017 - INFO - feature_engineering - Feature 'intensity' created
2025-10-07 13:03:16,017 - INFO - feature_engineering - Feature 'calories_per_min' created
2025-10-07 13:03:16,017 - INFO - feature_engineering - Feature 'water_per_session' created
2025-10-07 13:03:16,019 - INFO - feature_engineering - Feature 'experience_intensity_ratio' created
2025-10-07 13:03:16,019 - INFO - feature_engineering - All features created successfully. Dataset shape now: (1, 22)
2025-10-07 13:06:35,902 - INFO - feature_engineering - FeatureCreation initialized with dataset shape: (1, 17)
2025-10-07 13:06:35,902 - INFO - feature_engineering - Feature 'bmi' created
2025-10-07 13:06:35,903 - INFO - feature_engineering - Feature 'hrr' created
2025-10-07 13:06:35,903 - INFO - feature_engineering - Feature 'intensity' created
2025-10-07 13:06:35,903 - INFO - feature_engineering - Feature 'calories_per_min' created
2025-10-07 13:06:35,903 - INFO - feature_engineering - Feature 'water_per_session' created
2025-10-07 13:06:35,903 - INFO - feature_engineering - Feature 'experience_intensity_ratio' created
2025-10-07 13:06:35,904 - INFO - feature_engineering - All features created successfully. Dataset shape now: (1, 22)
2025-10-07 13:07:10,467 - INFO - feature_engineering - FeatureCreation initialized with dataset shape: (1, 17)
2025-10-07 13:07:10,467 - INFO - feature_engineering - Feature 'bmi' created
2025-10-07 13:07:10,467 - INFO - feature_engineering - Feature 'hrr' created
2025-10-07 13:07:10,468 - INFO - feature_engineering - Feature 'intensity' created
2025-10-07 13:07:10,468 - INFO - feature_engineering - Feature 'calories_per_min' created
2025-10-07 13:07:10,468 - INFO - feature_engineering - Feature 'water_per_session' created
2025-10-07 13:07:10,468 - INFO - feature_engineering - Feature 'experience_intensity_ratio' created
2025-10-07 13:07:10,468 - INFO - feature_engineering - All features created successfully. Dataset shape now: (1, 22)
2025-10-07 13:07:19,594 - INFO - feature_engineering - FeatureCreation initialized with dataset shape: (1, 17)
2025-10-07 13:07:19,595 - INFO - feature_engineering - Feature 'bmi' created
2025-10-07 13:07:19,595 - INFO - feature_engineering - Feature 'hrr' created
2025-10-07 13:07:19,595 - INFO - feature_engineering - Feature 'intensity' created
2025-10-07 13:07:19,595 - INFO - feature_engineering - Feature 'calories_per_min' created
2025-10-07 13:07:19,596 - INFO - feature_engineering - Feature 'water_per_session' created
2025-10-07 13:07:19,596 - INFO - feature_engineering - Feature 'experience_intensity_ratio' created
2025-10-07 13:07:19,596 - INFO - feature_engineering - All features created successfully. Dataset shape now: (1, 22)
2025-10-07 13:07:26,396 - INFO - feature_engineering - FeatureCreation initialized with dataset shape: (1, 17)
2025-10-07 13:07:26,396 - INFO - feature_engineering - Feature 'bmi' created
2025-10-07 13:07:26,396 - INFO - feature_engineering - Feature 'hrr' created
2025-10-07 13:07:26,398 - INFO - feature_engineering - Feature 'intensity' created
2025-10-07 13:07:26,398 - INFO - feature_engineering - Feature 'calories_per_min' created
2025-10-07 13:07:26,398 - INFO - feature_engineering - Feature 'water_per_session' created
2025-10-07 13:07:26,398 - INFO - feature_engineering - Feature 'experience_intensity_ratio' created
2025-10-07 13:07:26,398 - INFO - feature_engineering - All features created successfully. Dataset shape now: (1, 22)
2025-10-07 13:07:36,420 - INFO - feature_engineering - FeatureCreation initialized with dataset shape: (1, 17)
2025-10-07 13:07:36,421 - INFO - feature_engineering - Feature 'bmi' created
2025-10-07 13:07:36,421 - INFO - feature_engineering - Feature 'hrr' created
2025-10-07 13:07:36,421 - INFO - feature_engineering - Feature 'intensity' created
2025-10-07 13:07:36,421 - INFO - feature_engineering - Feature 'calories_per_min' created
2025-10-07 13:07:36,422 - INFO - feature_engineering - Feature 'water_per_session' created
2025-10-07 13:07:36,422 - INFO - feature_engineering - Feature 'experience_intensity_ratio' created
2025-10-07 13:07:36,422 - INFO - feature_engineering - All features created successfully. Dataset shape now: (1, 22)
2025-10-07 13:07:45,107 - INFO - feature_engineering - FeatureCreation initialized with dataset shape: (1, 17)
2025-10-07 13:07:45,107 - INFO - feature_engineering - Feature 'bmi' created
2025-10-07 13:07:45,107 - INFO - feature_engineering - Feature 'hrr' created
2025-10-07 13:07:45,108 - INFO - feature_engineering - Feature 'intensity' created
2025-10-07 13:07:45,108 - INFO - feature_engineering - Feature 'calories_per_min' created
2025-10-07 13:07:45,108 - INFO - feature_engineering - Feature 'water_per_session' created
2025-10-07 13:07:45,108 - INFO - feature_engineering - Feature 'experience_intensity_ratio' created
2025-10-07 13:07:45,108 - INFO - feature_engineering - All features created successfully. Dataset shape now: (1, 22)
2025-10-07 13:07:54,794 - INFO - feature_engineering - FeatureCreation initialized with dataset shape: (1, 17)
2025-10-07 13:07:54,794 - INFO - feature_engineering - Feature 'bmi' created
2025-10-07 13:07:54,795 - INFO - feature_engineering - Feature 'hrr' created
2025-10-07 13:07:54,795 - INFO - feature_engineering - Feature 'intensity' created
2025-10-07 13:07:54,795 - INFO - feature_engineering - Feature 'calories_per_min' created
2025-10-07 13:07:54,795 - INFO - feature_engineering - Feature 'water_per_session' created
2025-10-07 13:07:54,795 - INFO - feature_engineering - Feature 'experience_intensity_ratio' created
2025-10-07 13:07:54,795 - INFO - feature_engineering - All features created successfully. Dataset shape now: (1, 22)
2025-10-07 13:08:01,186 - INFO - feature_engineering - FeatureCreation initialized with dataset shape: (1, 17)
2025-10-07 13:08:01,186 - INFO - feature_engineering - Feature 'bmi' created
2025-10-07 13:08:01,187 - INFO - feature_engineering - Feature 'hrr' created
2025-10-07 13:08:01,187 - INFO - feature_engineering - Feature 'intensity' created
2025-10-07 13:08:01,187 - INFO - feature_engineering - Feature 'calories_per_min' created
2025-10-07 13:08:01,187 - INFO - feature_engineering - Feature 'water_per_session' created
2025-10-07 13:08:01,187 - INFO - feature_engineering - Feature 'experience_intensity_ratio' created
2025-10-07 13:08:01,187 - INFO - feature_engineering - All features created successfully. Dataset shape now: (1, 22)
2025-10-07 13:08:09,051 - INFO - feature_engineering - FeatureCreation initialized with dataset shape: (1, 17)
2025-10-07 13:08:09,051 - INFO - feature_engineering - Feature 'bmi' created
2025-10-07 13:08:09,052 - INFO - feature_engineering - Feature 'hrr' created
2025-10-07 13:08:09,052 - INFO - feature_engineering - Feature 'intensity' created
2025-10-07 13:08:09,052 - INFO - feature_engineering - Feature 'calories_per_min' created
2025-10-07 13:08:09,052 - INFO - feature_engineering - Feature 'water_per_session' created
2025-10-07 13:08:09,053 - INFO - feature_engineering - Feature 'experience_intensity_ratio' created
2025-10-07 13:08:09,053 - INFO - feature_engineering - All features created successfully. Dataset shape now: (1, 22)
2025-10-07 13:08:23,405 - INFO - feature_engineering - FeatureCreation initialized with dataset shape: (1, 17)
2025-10-07 13:08:23,406 - INFO - feature_engineering - Feature 'bmi' created
2025-10-07 13:08:23,406 - INFO - feature_engineering - Feature 'hrr' created
2025-10-07 13:08:23,406 - INFO - feature_engineering - Feature 'intensity' created
2025-10-07 13:08:23,406 - INFO - feature_engineering - Feature 'calories_per_min' created
2025-10-07 13:08:23,407 - INFO - feature_engineering - Feature 'water_per_session' created
2025-10-07 13:08:23,407 - INFO - feature_engineering - Feature 'experience_intensity_ratio' created
2025-10-07 13:08:23,407 - INFO - feature_engineering - All features created successfully. Dataset shape now: (1, 22)
2025-10-07 13:31:00,123 - INFO - feature_engineering - FeatureCreation initialized with dataset shape: (1, 17)
2025-10-07 13:31:00,124 - INFO - feature_engineering - Feature 'bmi' created
2025-10-07 13:31:00,124 - INFO - feature_engineering - Feature 'hrr' created
2025-10-07 13:31:00,124 - INFO - feature_engineering - Feature 'intensity' created
2025-10-07 13:31:00,124 - INFO - feature_engineering - Feature 'calories_per_min' created
2025-10-07 13:31:00,125 - INFO - feature_engineering - Feature 'water_per_session' created
2025-10-07 13:31:00,125 - INFO - feature_engineering - Feature 'experience_intensity_ratio' created
2025-10-07 13:31:00,125 - INFO - feature_engineering - All features created successfully. Dataset shape now: (1, 22)
2025-10-07 13:35:20,854 - INFO - feature_engineering - FeatureCreation initialized with dataset shape: (1, 17)
2025-10-07 13:35:20,854 - INFO - feature_engineering - Feature 'bmi' created
2025-10-07 13:35:20,854 - INFO - feature_engineering - Feature 'hrr' created
2025-10-07 13:35:20,854 - INFO - feature_engineering - Feature 'intensity' created
2025-10-07 13:35:20,855 - INFO - feature_engineering - Feature 'calories_per_min' created
2025-10-07 13:35:20,855 - INFO - feature_engineering - Feature 'water_per_session' created
2025-10-07 13:35:20,855 - INFO - feature_engineering - Feature 'experience_intensity_ratio' created
2025-10-07 13:35:20,855 - INFO - feature_engineering - All features created successfully. Dataset shape now: (1, 22)
2025-10-07 13:37:25,581 - INFO - feature_engineering - FeatureCreation initialized with dataset shape: (1, 17)
2025-10-07 13:37:25,581 - INFO - feature_engineering - Feature 'bmi' created
2025-10-07 13:37:25,583 - INFO - feature_engineering - Feature 'hrr' created
2025-10-07 13:37:25,583 - INFO - feature_engineering - Feature 'intensity' created
2025-10-07 13:37:25,583 - INFO - feature_engineering - Feature 'calories_per_min' created
2025-10-07 13:37:25,583 - INFO - feature_engineering - Feature 'water_per_session' created
2025-10-07 13:37:25,584 - INFO - feature_engineering - Feature 'experience_intensity_ratio' created
2025-10-07 13:37:25,584 - INFO - feature_engineering - All features created successfully. Dataset shape now: (1, 22)
2025-10-07 13:37:27,292 - INFO - feature_engineering - FeatureCreation initialized with dataset shape: (1, 17)
2025-10-07 13:37:27,293 - INFO - feature_engineering - Feature 'bmi' created
2025-10-07 13:37:27,293 - INFO - feature_engineering - Feature 'hrr' created
2025-10-07 13:37:27,293 - INFO - feature_engineering - Feature 'intensity' created
2025-10-07 13:37:27,293 - INFO - feature_engineering - Feature 'calories_per_min' created
2025-10-07 13:37:27,293 - INFO - feature_engineering - Feature 'water_per_session' created
2025-10-07 13:37:27,294 - INFO - feature_engineering - Feature 'experience_intensity_ratio' created
2025-10-07 13:37:27,294 - INFO - feature_engineering - All features created successfully. Dataset shape now: (1, 22)
2025-10-07 13:37:29,950 - INFO - feature_engineering - FeatureCreation initialized with dataset shape: (1, 17)
2025-10-07 13:37:29,952 - INFO - feature_engineering - Feature 'bmi' created
2025-10-07 13:37:29,952 - INFO - feature_engineering - Feature 'hrr' created
2025-10-07 13:37:29,953 - INFO - feature_engineering - Feature 'intensity' created
2025-10-07 13:37:29,953 - INFO - feature_engineering - Feature 'calories_per_min' created
2025-10-07 13:37:29,953 - INFO - feature_engineering - Feature 'water_per_session' created
2025-10-07 13:37:29,953 - INFO - feature_engineering - Feature 'experience_intensity_ratio' created
2025-10-07 13:37:29,953 - INFO - feature_engineering - All features created successfully. Dataset shape now: (1, 22)
2025-10-07 13:37:36,850 - INFO - feature_engineering - FeatureCreation initialized with dataset shape: (1, 17)
2025-10-07 13:37:36,850 - INFO - feature_engineering - Feature 'bmi' created
2025-10-07 13:37:36,850 - INFO - feature_engineering - Feature 'hrr' created
2025-10-07 13:37:36,852 - INFO - feature_engineering - Feature 'intensity' created
2025-10-07 13:37:36,852 - INFO - feature_engineering - Feature 'calories_per_min' created
2025-10-07 13:37:36,852 - INFO - feature_engineering - Feature 'water_per_session' created
2025-10-07 13:37:36,852 - INFO - feature_engineering - Feature 'experience_intensity_ratio' created
2025-10-07 13:37:36,852 - INFO - feature_engineering - All features created successfully. Dataset shape now: (1, 22)
2025-10-07 13:37:46,385 - INFO - feature_engineering - FeatureCreation initialized with dataset shape: (1, 17)
2025-10-07 13:37:46,385 - INFO - feature_engineering - Feature 'bmi' created
2025-10-07 13:37:46,386 - INFO - feature_engineering - Feature 'hrr' created
2025-10-07 13:37:46,387 - INFO - feature_engineering - Feature 'intensity' created
2025-10-07 13:37:46,387 - INFO - feature_engineering - Feature 'calories_per_min' created
2025-10-07 13:37:46,388 - INFO - feature_engineering - Feature 'water_per_session' created
2025-10-07 13:37:46,388 - INFO - feature_engineering - Feature 'experience_intensity_ratio' created
2025-10-07 13:37:46,388 - INFO - feature_engineering - All features created successfully. Dataset shape now: (1, 22)
2025-10-07 13:45:03,255 - INFO - feature_engineering - FeatureCreation initialized with dataset shape: (1, 17)
2025-10-07 13:45:03,257 - INFO - feature_engineering - Feature 'bmi' created
2025-10-07 13:45:03,257 - INFO - feature_engineering - Feature 'hrr' created
2025-10-07 13:45:03,257 - INFO - feature_engineering - Feature 'intensity' created
2025-10-07 13:45:03,258 - INFO - feature_engineering - Feature 'calories_per_min' created
2025-10-07 13:45:03,258 - INFO - feature_engineering - Feature 'water_per_session' created
2025-10-07 13:45:03,258 - INFO - feature_engineering - Feature 'experience_intensity_ratio' created
2025-10-07 13:45:03,258 - INFO - feature_engineering - All features created successfully. Dataset shape now: (1, 22)
2025-10-07 13:46:50,636 - INFO - feature_engineering - FeatureCreation initialized with dataset shape: (1, 17)
2025-10-07 13:46:50,636 - INFO - feature_engineering - Feature 'bmi' created
2025-10-07 13:46:50,637 - INFO - feature_engineering - Feature 'hrr' created
2025-10-07 13:46:50,637 - INFO - feature_engineering - Feature 'intensity' created
2025-10-07 13:46:50,637 - INFO - feature_engineering - Feature 'calories_per_min' created
2025-10-07 13:46:50,637 - INFO - feature_engineering - Feature 'water_per_session' created
2025-10-07 13:46:50,638 - INFO - feature_engineering - Feature 'experience_intensity_ratio' created
2025-10-07 13:46:50,638 - INFO - feature_engineering - All features created successfully. Dataset shape now: (1, 22)
2025-10-07 13:49:19,077 - INFO - feature_engineering - FeatureCreation initialized with dataset shape: (1, 17)
2025-10-07 13:49:19,077 - INFO - feature_engineering - Feature 'bmi' created
2025-10-07 13:49:19,077 - INFO - feature_engineering - Feature 'hrr' created
2025-10-07 13:49:19,078 - INFO - feature_engineering - Feature 'intensity' created
2025-10-07 13:49:19,078 - INFO - feature_engineering - Feature 'calories_per_min' created
2025-10-07 13:49:19,078 - INFO - feature_engineering - Feature 'water_per_session' created
2025-10-07 13:49:19,078 - INFO - feature_engineering - Feature 'experience_intensity_ratio' created
2025-10-07 13:49:19,078 - INFO - feature_engineering - All features created successfully. Dataset shape now: (1, 22)
2025-10-07 13:50:25,329 - INFO - feature_engineering - FeatureCreation initialized with dataset shape: (1, 17)
2025-10-07 13:50:25,329 - INFO - feature_engineering - Feature 'bmi' created
2025-10-07 13:50:25,329 - INFO - feature_engineering - Feature 'hrr' created
2025-10-07 13:50:25,331 - INFO - feature_engineering - Feature 'intensity' created
2025-10-07 13:50:25,331 - INFO - feature_engineering - Feature 'calories_per_min' created
2025-10-07 13:50:25,331 - INFO - feature_engineering - Feature 'water_per_session' created
2025-10-07 13:50:25,331 - INFO - feature_engineering - Feature 'experience_intensity_ratio' created
2025-10-07 13:50:25,331 - INFO - feature_engineering - All features created successfully. Dataset shape now: (1, 22)
2025-10-07 13:52:19,001 - INFO - feature_engineering - FeatureCreation initialized with dataset shape: (1, 17)
2025-10-07 13:52:19,001 - INFO - feature_engineering - Feature 'bmi' created
2025-10-07 13:52:19,001 - INFO - feature_engineering - Feature 'hrr' created
2025-10-07 13:52:19,001 - INFO - feature_engineering - Feature 'intensity' created
2025-10-07 13:52:19,002 - INFO - feature_engineering - Feature 'calories_per_min' created
2025-10-07 13:52:19,002 - INFO - feature_engineering - Feature 'water_per_session' created
2025-10-07 13:52:19,002 - INFO - feature_engineering - Feature 'experience_intensity_ratio' created
2025-10-07 13:52:19,002 - INFO - feature_engineering - All features created successfully. Dataset shape now: (1, 22)
2025-10-07 13:52:24,175 - INFO - feature_engineering - FeatureCreation initialized with dataset shape: (1, 17)
2025-10-07 13:52:24,175 - INFO - feature_engineering - Feature 'bmi' created
2025-10-07 13:52:24,176 - INFO - feature_engineering - Feature 'hrr' created
2025-10-07 13:52:24,176 - INFO - feature_engineering - Feature 'intensity' created
2025-10-07 13:52:24,176 - INFO - feature_engineering - Feature 'calories_per_min' created
2025-10-07 13:52:24,176 - INFO - feature_engineering - Feature 'water_per_session' created
2025-10-07 13:52:24,177 - INFO - feature_engineering - Feature 'experience_intensity_ratio' created
2025-10-07 13:52:24,177 - INFO - feature_engineering - All features created successfully. Dataset shape now: (1, 22)
2025-10-07 13:55:01,678 - INFO - feature_engineering - FeatureCreation initialized with dataset shape: (1, 17)
2025-10-07 13:55:01,678 - INFO - feature_engineering - Feature 'bmi' created
2025-10-07 13:55:01,679 - INFO - feature_engineering - Feature 'hrr' created
2025-10-07 13:55:01,679 - INFO - feature_engineering - Feature 'intensity' created
2025-10-07 13:55:01,679 - INFO - feature_engineering - Feature 'calories_per_min' created
2025-10-07 13:55:01,679 - INFO - feature_engineering - Feature 'water_per_session' created
2025-10-07 13:55:01,679 - INFO - feature_engineering - Feature 'experience_intensity_ratio' created
2025-10-07 13:55:01,679 - INFO - feature_engineering - All features created successfully. Dataset shape now: (1, 22)
2025-10-07 13:55:08,760 - INFO - feature_engineering - FeatureCreation initialized with dataset shape: (1, 17)
2025-10-07 13:55:08,760 - INFO - feature_engineering - Feature 'bmi' created
2025-10-07 13:55:08,760 - INFO - feature_engineering - Feature 'hrr' created
2025-10-07 13:55:08,760 - INFO - feature_engineering - Feature 'intensity' created
2025-10-07 13:55:08,761 - INFO - feature_engineering - Feature 'calories_per_min' created
2025-10-07 13:55:08,761 - INFO - feature_engineering - Feature 'water_per_session' created
2025-10-07 13:55:08,761 - INFO - feature_engineering - Feature 'experience_intensity_ratio' created
2025-10-07 13:55:08,761 - INFO - feature_engineering - All features created successfully. Dataset shape now: (1, 22)
2025-10-07 13:55:27,276 - INFO - feature_engineering - FeatureCreation initialized with dataset shape: (1, 17)
2025-10-07 13:55:27,277 - INFO - feature_engineering - Feature 'bmi' created
2025-10-07 13:55:27,277 - INFO - feature_engineering - Feature 'hrr' created
2025-10-07 13:55:27,277 - INFO - feature_engineering - Feature 'intensity' created
2025-10-07 13:55:27,277 - INFO - feature_engineering - Feature 'calories_per_min' created
2025-10-07 13:55:27,279 - INFO - feature_engineering - Feature 'water_per_session' created
2025-10-07 13:55:27,279 - INFO - feature_engineering - Feature 'experience_intensity_ratio' created
2025-10-07 13:55:27,279 - INFO - feature_engineering - All features created successfully. Dataset shape now: (1, 22)
2025-10-07 13:55:32,148 - INFO - feature_engineering - FeatureCreation initialized with dataset shape: (1, 17)
2025-10-07 13:55:32,149 - INFO - feature_engineering - Feature 'bmi' created
2025-10-07 13:55:32,149 - INFO - feature_engineering - Feature 'hrr' created
2025-10-07 13:55:32,149 - INFO - feature_engineering - Feature 'intensity' created
2025-10-07 13:55:32,150 - INFO - feature_engineering - Feature 'calories_per_min' created
2025-10-07 13:55:32,150 - INFO - feature_engineering - Feature 'water_per_session' created
2025-10-07 13:55:32,150 - INFO - feature_engineering - Feature 'experience_intensity_ratio' created
2025-10-07 13:55:32,150 - INFO - feature_engineering - All features created successfully. Dataset shape now: (1, 22)
2025-10-07 13:55:38,942 - INFO - feature_engineering - FeatureCreation initialized with dataset shape: (1, 17)
2025-10-07 13:55:38,942 - INFO - feature_engineering - Feature 'bmi' created
2025-10-07 13:55:38,942 - INFO - feature_engineering - Feature 'hrr' created
2025-10-07 13:55:38,943 - INFO - feature_engineering - Feature 'intensity' created
2025-10-07 13:55:38,943 - INFO - feature_engineering - Feature 'calories_per_min' created
2025-10-07 13:55:38,943 - INFO - feature_engineering - Feature 'water_per_session' created
2025-10-07 13:55:38,943 - INFO - feature_engineering - Feature 'experience_intensity_ratio' created
2025-10-07 13:55:38,943 - INFO - feature_engineering - All features created successfully. Dataset shape now: (1, 22)
2025-10-07 13:55:47,881 - INFO - feature_engineering - FeatureCreation initialized with dataset shape: (1, 17)
2025-10-07 13:55:47,881 - INFO - feature_engineering - Feature 'bmi' created
2025-10-07 13:55:47,882 - INFO - feature_engineering - Feature 'hrr' created
2025-10-07 13:55:47,882 - INFO - feature_engineering - Feature 'intensity' created
2025-10-07 13:55:47,882 - INFO - feature_engineering - Feature 'calories_per_min' created
2025-10-07 13:55:47,882 - INFO - feature_engineering - Feature 'water_per_session' created
2025-10-07 13:55:47,882 - INFO - feature_engineering - Feature 'experience_intensity_ratio' created
2025-10-07 13:55:47,882 - INFO - feature_engineering - All features created successfully. Dataset shape now: (1, 22)
2025-10-07 13:55:50,687 - INFO - feature_engineering - FeatureCreation initialized with dataset shape: (1, 17)
2025-10-07 13:55:50,687 - INFO - feature_engineering - Feature 'bmi' created
2025-10-07 13:55:50,687 - INFO - feature_engineering - Feature 'hrr' created
2025-10-07 13:55:50,688 - INFO - feature_engineering - Feature 'intensity' created
2025-10-07 13:55:50,688 - INFO - feature_engineering - Feature 'calories_per_min' created
2025-10-07 13:55:50,688 - INFO - feature_engineering - Feature 'water_per_session' created
2025-10-07 13:55:50,688 - INFO - feature_engineering - Feature 'experience_intensity_ratio' created
2025-10-07 13:55:50,688 - INFO - feature_engineering - All features created successfully. Dataset shape now: (1, 22)
2025-10-07 13:56:03,825 - INFO - feature_engineering - FeatureCreation initialized with dataset shape: (1, 17)
2025-10-07 13:56:03,827 - INFO - feature_engineering - Feature 'bmi' created
2025-10-07 13:56:03,827 - INFO - feature_engineering - Feature 'hrr' created
2025-10-07 13:56:03,827 - INFO - feature_engineering - Feature 'intensity' created
2025-10-07 13:56:03,827 - INFO - feature_engineering - Feature 'calories_per_min' created
2025-10-07 13:56:03,828 - INFO - feature_engineering - Feature 'water_per_session' created
2025-10-07 13:56:03,828 - INFO - feature_engineering - Feature 'experience_intensity_ratio' created
2025-10-07 13:56:03,828 - INFO - feature_engineering - All features created successfully. Dataset shape now: (1, 22)
2025-10-07 13:57:39,250 - INFO - feature_engineering - FeatureCreation initialized with dataset shape: (1, 17)
2025-10-07 13:57:39,251 - INFO - feature_engineering - Feature 'bmi' created
2025-10-07 13:57:39,251 - INFO - feature_engineering - Feature 'hrr' created
2025-10-07 13:57:39,251 - INFO - feature_engineering - Feature 'intensity' created
2025-10-07 13:57:39,251 - INFO - feature_engineering - Feature 'calories_per_min' created
2025-10-07 13:57:39,252 - INFO - feature_engineering - Feature 'water_per_session' created
2025-10-07 13:57:39,252 - INFO - feature_engineering - Feature 'experience_intensity_ratio' created
2025-10-07 13:57:39,252 - INFO - feature_engineering - All features created successfully. Dataset shape now: (1, 22)
